{"/Users/matt/alchemy/career-track/mixttape-front-end/src/actions/activeMixtapeActions.js": {"path":"/Users/matt/alchemy/career-track/mixttape-front-end/src/actions/activeMixtapeActions.js","statementMap":{"0":{"start":{"line":3,"column":29},"end":{"line":3,"column":44}},"1":{"start":{"line":4,"column":31},"end":{"line":4,"column":48}},"2":{"start":{"line":5,"column":27},"end":{"line":17,"column":1}},"3":{"start":{"line":5,"column":35},"end":{"line":17,"column":1}},"4":{"start":{"line":6,"column":2},"end":{"line":6,"column":31}},"5":{"start":{"line":7,"column":2},"end":{"line":16,"column":8}},"6":{"start":{"line":8,"column":17},"end":{"line":11,"column":6}},"7":{"start":{"line":12,"column":16},"end":{"line":12,"column":48}},"8":{"start":{"line":13,"column":18},"end":{"line":16,"column":6}},"9":{"start":{"line":19,"column":34},"end":{"line":22,"column":2}},"10":{"start":{"line":19,"column":48},"end":{"line":22,"column":1}},"11":{"start":{"line":24,"column":30},"end":{"line":24,"column":46}},"12":{"start":{"line":25,"column":28},"end":{"line":28,"column":2}},"13":{"start":{"line":25,"column":42},"end":{"line":28,"column":1}},"14":{"start":{"line":30,"column":27},"end":{"line":30,"column":40}},"15":{"start":{"line":31,"column":26},"end":{"line":34,"column":2}},"16":{"start":{"line":31,"column":40},"end":{"line":34,"column":1}},"17":{"start":{"line":36,"column":34},"end":{"line":36,"column":54}},"18":{"start":{"line":37,"column":32},"end":{"line":37,"column":68}},"19":{"start":{"line":37,"column":39},"end":{"line":37,"column":67}},"20":{"start":{"line":39,"column":35},"end":{"line":39,"column":56}},"21":{"start":{"line":40,"column":34},"end":{"line":40,"column":71}},"22":{"start":{"line":40,"column":41},"end":{"line":40,"column":70}}},"fnMap":{"0":{"name":"(anonymous_0)","decl":{"start":{"line":5,"column":27},"end":{"line":5,"column":28}},"loc":{"start":{"line":5,"column":35},"end":{"line":17,"column":1}},"line":5},"1":{"name":"(anonymous_1)","decl":{"start":{"line":5,"column":35},"end":{"line":5,"column":36}},"loc":{"start":{"line":5,"column":47},"end":{"line":17,"column":1}},"line":5},"2":{"name":"(anonymous_2)","decl":{"start":{"line":8,"column":10},"end":{"line":8,"column":11}},"loc":{"start":{"line":8,"column":17},"end":{"line":11,"column":6}},"line":8},"3":{"name":"(anonymous_3)","decl":{"start":{"line":12,"column":10},"end":{"line":12,"column":11}},"loc":{"start":{"line":12,"column":16},"end":{"line":12,"column":48}},"line":12},"4":{"name":"(anonymous_4)","decl":{"start":{"line":13,"column":11},"end":{"line":13,"column":12}},"loc":{"start":{"line":13,"column":18},"end":{"line":16,"column":6}},"line":13},"5":{"name":"(anonymous_5)","decl":{"start":{"line":19,"column":34},"end":{"line":19,"column":35}},"loc":{"start":{"line":19,"column":48},"end":{"line":22,"column":1}},"line":19},"6":{"name":"(anonymous_6)","decl":{"start":{"line":25,"column":28},"end":{"line":25,"column":29}},"loc":{"start":{"line":25,"column":42},"end":{"line":28,"column":1}},"line":25},"7":{"name":"(anonymous_7)","decl":{"start":{"line":31,"column":26},"end":{"line":31,"column":27}},"loc":{"start":{"line":31,"column":40},"end":{"line":34,"column":1}},"line":31},"8":{"name":"(anonymous_8)","decl":{"start":{"line":37,"column":32},"end":{"line":37,"column":33}},"loc":{"start":{"line":37,"column":39},"end":{"line":37,"column":67}},"line":37},"9":{"name":"(anonymous_9)","decl":{"start":{"line":40,"column":34},"end":{"line":40,"column":35}},"loc":{"start":{"line":40,"column":41},"end":{"line":40,"column":70}},"line":40}},"branchMap":{},"s":{"0":7,"1":7,"2":7,"3":1,"4":1,"5":1,"6":1,"7":1,"8":0,"9":7,"10":1,"11":7,"12":7,"13":2,"14":7,"15":7,"16":3,"17":7,"18":7,"19":2,"20":7,"21":7,"22":2},"f":{"0":1,"1":1,"2":1,"3":1,"4":0,"5":1,"6":2,"7":3,"8":2,"9":2},"b":{},"_coverageSchema":"1a1c01bbd47fc00a2c39e90264f33305004495a9","hash":"6f27564f9eb35f2c837c6c817e011829dc745e53"}
,"/Users/matt/alchemy/career-track/mixttape-front-end/src/actions/editedMixtapeActions.js": {"path":"/Users/matt/alchemy/career-track/mixttape-front-end/src/actions/editedMixtapeActions.js","statementMap":{"0":{"start":{"line":3,"column":24},"end":{"line":3,"column":34}},"1":{"start":{"line":4,"column":23},"end":{"line":7,"column":2}},"2":{"start":{"line":4,"column":37},"end":{"line":7,"column":1}},"3":{"start":{"line":10,"column":27},"end":{"line":10,"column":40}},"4":{"start":{"line":11,"column":26},"end":{"line":14,"column":2}},"5":{"start":{"line":11,"column":40},"end":{"line":14,"column":1}},"6":{"start":{"line":16,"column":35},"end":{"line":16,"column":56}},"7":{"start":{"line":17,"column":33},"end":{"line":19,"column":1}},"8":{"start":{"line":18,"column":2},"end":{"line":18,"column":39}},"9":{"start":{"line":21,"column":36},"end":{"line":21,"column":58}},"10":{"start":{"line":22,"column":34},"end":{"line":24,"column":1}},"11":{"start":{"line":23,"column":2},"end":{"line":23,"column":40}},"12":{"start":{"line":26,"column":28},"end":{"line":26,"column":42}},"13":{"start":{"line":27,"column":27},"end":{"line":34,"column":1}},"14":{"start":{"line":27,"column":40},"end":{"line":34,"column":1}},"15":{"start":{"line":28,"column":2},"end":{"line":28,"column":32}},"16":{"start":{"line":29,"column":2},"end":{"line":33,"column":8}},"17":{"start":{"line":30,"column":23},"end":{"line":33,"column":6}},"18":{"start":{"line":36,"column":29},"end":{"line":36,"column":44}},"19":{"start":{"line":37,"column":27},"end":{"line":40,"column":2}},"20":{"start":{"line":37,"column":41},"end":{"line":40,"column":1}}},"fnMap":{"0":{"name":"(anonymous_0)","decl":{"start":{"line":4,"column":23},"end":{"line":4,"column":24}},"loc":{"start":{"line":4,"column":37},"end":{"line":7,"column":1}},"line":4},"1":{"name":"(anonymous_1)","decl":{"start":{"line":11,"column":26},"end":{"line":11,"column":27}},"loc":{"start":{"line":11,"column":40},"end":{"line":14,"column":1}},"line":11},"2":{"name":"(anonymous_2)","decl":{"start":{"line":17,"column":33},"end":{"line":17,"column":34}},"loc":{"start":{"line":17,"column":39},"end":{"line":19,"column":1}},"line":17},"3":{"name":"(anonymous_3)","decl":{"start":{"line":22,"column":34},"end":{"line":22,"column":35}},"loc":{"start":{"line":22,"column":40},"end":{"line":24,"column":1}},"line":22},"4":{"name":"(anonymous_4)","decl":{"start":{"line":27,"column":27},"end":{"line":27,"column":28}},"loc":{"start":{"line":27,"column":40},"end":{"line":34,"column":1}},"line":27},"5":{"name":"(anonymous_5)","decl":{"start":{"line":27,"column":40},"end":{"line":27,"column":41}},"loc":{"start":{"line":27,"column":52},"end":{"line":34,"column":1}},"line":27},"6":{"name":"(anonymous_6)","decl":{"start":{"line":30,"column":10},"end":{"line":30,"column":11}},"loc":{"start":{"line":30,"column":23},"end":{"line":33,"column":6}},"line":30},"7":{"name":"(anonymous_7)","decl":{"start":{"line":37,"column":27},"end":{"line":37,"column":28}},"loc":{"start":{"line":37,"column":41},"end":{"line":40,"column":1}},"line":37}},"branchMap":{},"s":{"0":15,"1":15,"2":2,"3":15,"4":15,"5":2,"6":15,"7":15,"8":2,"9":15,"10":15,"11":1,"12":15,"13":15,"14":1,"15":1,"16":1,"17":1,"18":15,"19":15,"20":2},"f":{"0":2,"1":2,"2":2,"3":1,"4":1,"5":1,"6":1,"7":2},"b":{},"_coverageSchema":"1a1c01bbd47fc00a2c39e90264f33305004495a9","hash":"fe39d734102567011997912d98b80c20875500cf"}
,"/Users/matt/alchemy/career-track/mixttape-front-end/src/actions/userActions.js": {"path":"/Users/matt/alchemy/career-track/mixttape-front-end/src/actions/userActions.js","statementMap":{"0":{"start":{"line":4,"column":32},"end":{"line":4,"column":50}},"1":{"start":{"line":5,"column":30},"end":{"line":7,"column":2}},"2":{"start":{"line":5,"column":37},"end":{"line":7,"column":1}},"3":{"start":{"line":9,"column":33},"end":{"line":9,"column":52}},"4":{"start":{"line":10,"column":31},"end":{"line":12,"column":2}},"5":{"start":{"line":10,"column":38},"end":{"line":12,"column":1}},"6":{"start":{"line":14,"column":30},"end":{"line":14,"column":46}},"7":{"start":{"line":15,"column":24},"end":{"line":15,"column":34}},"8":{"start":{"line":17,"column":29},"end":{"line":33,"column":1}},"9":{"start":{"line":17,"column":53},"end":{"line":33,"column":1}},"10":{"start":{"line":18,"column":2},"end":{"line":18,"column":29}},"11":{"start":{"line":19,"column":2},"end":{"line":32,"column":7}},"12":{"start":{"line":21,"column":6},"end":{"line":24,"column":9}},"13":{"start":{"line":26,"column":6},"end":{"line":31,"column":7}},"14":{"start":{"line":27,"column":8},"end":{"line":30,"column":11}},"15":{"start":{"line":37,"column":28},"end":{"line":53,"column":1}},"16":{"start":{"line":37,"column":52},"end":{"line":53,"column":1}},"17":{"start":{"line":38,"column":2},"end":{"line":38,"column":29}},"18":{"start":{"line":39,"column":2},"end":{"line":52,"column":7}},"19":{"start":{"line":41,"column":6},"end":{"line":44,"column":9}},"20":{"start":{"line":46,"column":6},"end":{"line":51,"column":7}},"21":{"start":{"line":47,"column":8},"end":{"line":50,"column":11}},"22":{"start":{"line":55,"column":26},"end":{"line":68,"column":1}},"23":{"start":{"line":55,"column":50},"end":{"line":68,"column":1}},"24":{"start":{"line":56,"column":2},"end":{"line":56,"column":29}},"25":{"start":{"line":57,"column":2},"end":{"line":67,"column":7}},"26":{"start":{"line":59,"column":6},"end":{"line":62,"column":9}},"27":{"start":{"line":63,"column":6},"end":{"line":66,"column":9}},"28":{"start":{"line":70,"column":33},"end":{"line":70,"column":52}},"29":{"start":{"line":72,"column":26},"end":{"line":81,"column":1}},"30":{"start":{"line":72,"column":32},"end":{"line":81,"column":1}},"31":{"start":{"line":73,"column":2},"end":{"line":73,"column":29}},"32":{"start":{"line":74,"column":2},"end":{"line":80,"column":7}},"33":{"start":{"line":76,"column":6},"end":{"line":79,"column":9}},"34":{"start":{"line":83,"column":31},"end":{"line":83,"column":48}},"35":{"start":{"line":85,"column":30},"end":{"line":94,"column":1}},"36":{"start":{"line":85,"column":38},"end":{"line":94,"column":1}},"37":{"start":{"line":86,"column":2},"end":{"line":86,"column":29}},"38":{"start":{"line":87,"column":2},"end":{"line":93,"column":7}},"39":{"start":{"line":89,"column":6},"end":{"line":92,"column":9}}},"fnMap":{"0":{"name":"(anonymous_0)","decl":{"start":{"line":5,"column":30},"end":{"line":5,"column":31}},"loc":{"start":{"line":5,"column":37},"end":{"line":7,"column":1}},"line":5},"1":{"name":"(anonymous_1)","decl":{"start":{"line":10,"column":31},"end":{"line":10,"column":32}},"loc":{"start":{"line":10,"column":38},"end":{"line":12,"column":1}},"line":10},"2":{"name":"(anonymous_2)","decl":{"start":{"line":17,"column":29},"end":{"line":17,"column":30}},"loc":{"start":{"line":17,"column":53},"end":{"line":33,"column":1}},"line":17},"3":{"name":"(anonymous_3)","decl":{"start":{"line":17,"column":53},"end":{"line":17,"column":54}},"loc":{"start":{"line":17,"column":65},"end":{"line":33,"column":1}},"line":17},"4":{"name":"(anonymous_4)","decl":{"start":{"line":20,"column":10},"end":{"line":20,"column":11}},"loc":{"start":{"line":20,"column":18},"end":{"line":25,"column":5}},"line":20},"5":{"name":"(anonymous_5)","decl":{"start":{"line":25,"column":13},"end":{"line":25,"column":14}},"loc":{"start":{"line":25,"column":20},"end":{"line":32,"column":5}},"line":25},"6":{"name":"(anonymous_6)","decl":{"start":{"line":37,"column":28},"end":{"line":37,"column":29}},"loc":{"start":{"line":37,"column":52},"end":{"line":53,"column":1}},"line":37},"7":{"name":"(anonymous_7)","decl":{"start":{"line":37,"column":52},"end":{"line":37,"column":53}},"loc":{"start":{"line":37,"column":64},"end":{"line":53,"column":1}},"line":37},"8":{"name":"(anonymous_8)","decl":{"start":{"line":40,"column":10},"end":{"line":40,"column":11}},"loc":{"start":{"line":40,"column":18},"end":{"line":45,"column":5}},"line":40},"9":{"name":"(anonymous_9)","decl":{"start":{"line":45,"column":13},"end":{"line":45,"column":14}},"loc":{"start":{"line":45,"column":20},"end":{"line":52,"column":5}},"line":45},"10":{"name":"(anonymous_10)","decl":{"start":{"line":55,"column":26},"end":{"line":55,"column":27}},"loc":{"start":{"line":55,"column":50},"end":{"line":68,"column":1}},"line":55},"11":{"name":"(anonymous_11)","decl":{"start":{"line":55,"column":50},"end":{"line":55,"column":51}},"loc":{"start":{"line":55,"column":62},"end":{"line":68,"column":1}},"line":55},"12":{"name":"(anonymous_12)","decl":{"start":{"line":58,"column":10},"end":{"line":58,"column":11}},"loc":{"start":{"line":58,"column":18},"end":{"line":67,"column":5}},"line":58},"13":{"name":"(anonymous_13)","decl":{"start":{"line":72,"column":26},"end":{"line":72,"column":27}},"loc":{"start":{"line":72,"column":32},"end":{"line":81,"column":1}},"line":72},"14":{"name":"(anonymous_14)","decl":{"start":{"line":72,"column":32},"end":{"line":72,"column":33}},"loc":{"start":{"line":72,"column":44},"end":{"line":81,"column":1}},"line":72},"15":{"name":"(anonymous_15)","decl":{"start":{"line":75,"column":10},"end":{"line":75,"column":11}},"loc":{"start":{"line":75,"column":18},"end":{"line":80,"column":5}},"line":75},"16":{"name":"(anonymous_16)","decl":{"start":{"line":85,"column":30},"end":{"line":85,"column":31}},"loc":{"start":{"line":85,"column":38},"end":{"line":94,"column":1}},"line":85},"17":{"name":"(anonymous_17)","decl":{"start":{"line":85,"column":38},"end":{"line":85,"column":39}},"loc":{"start":{"line":85,"column":50},"end":{"line":94,"column":1}},"line":85},"18":{"name":"(anonymous_18)","decl":{"start":{"line":88,"column":10},"end":{"line":88,"column":11}},"loc":{"start":{"line":88,"column":16},"end":{"line":93,"column":5}},"line":88}},"branchMap":{"0":{"loc":{"start":{"line":26,"column":6},"end":{"line":31,"column":7}},"type":"if","locations":[{"start":{"line":26,"column":6},"end":{"line":31,"column":7}},{"start":{"line":26,"column":6},"end":{"line":31,"column":7}}],"line":26},"1":{"loc":{"start":{"line":46,"column":6},"end":{"line":51,"column":7}},"type":"if","locations":[{"start":{"line":46,"column":6},"end":{"line":51,"column":7}},{"start":{"line":46,"column":6},"end":{"line":51,"column":7}}],"line":46}},"s":{"0":9,"1":9,"2":6,"3":9,"4":9,"5":1,"6":9,"7":9,"8":9,"9":1,"10":1,"11":1,"12":1,"13":0,"14":0,"15":9,"16":1,"17":1,"18":1,"19":1,"20":0,"21":0,"22":9,"23":0,"24":0,"25":0,"26":0,"27":0,"28":9,"29":9,"30":1,"31":1,"32":1,"33":1,"34":9,"35":9,"36":2,"37":2,"38":2,"39":2},"f":{"0":6,"1":1,"2":1,"3":1,"4":1,"5":0,"6":1,"7":1,"8":1,"9":0,"10":0,"11":0,"12":0,"13":1,"14":1,"15":1,"16":2,"17":2,"18":2},"b":{"0":[0,0],"1":[0,0]},"_coverageSchema":"1a1c01bbd47fc00a2c39e90264f33305004495a9","hash":"76d6b3f0ee881ba4a584e23c11444f0369f95366"}
,"/Users/matt/alchemy/career-track/mixttape-front-end/src/components/App.js": {"path":"/Users/matt/alchemy/career-track/mixttape-front-end/src/components/App.js","statementMap":{"0":{"start":{"line":8,"column":2},"end":{"line":16,"column":4}}},"fnMap":{"0":{"name":"App","decl":{"start":{"line":7,"column":24},"end":{"line":7,"column":27}},"loc":{"start":{"line":7,"column":30},"end":{"line":17,"column":1}},"line":7}},"branchMap":{},"s":{"0":1},"f":{"0":1},"b":{},"_coverageSchema":"1a1c01bbd47fc00a2c39e90264f33305004495a9","hash":"faea2994a1f7e7b8f5342a6ba624b9c1897458cd"}
,"/Users/matt/alchemy/career-track/mixttape-front-end/src/components/aboutUs/AboutUs.js": {"path":"/Users/matt/alchemy/career-track/mixttape-front-end/src/components/aboutUs/AboutUs.js","statementMap":{"0":{"start":{"line":7,"column":2},"end":{"line":44,"column":4}}},"fnMap":{"0":{"name":"AboutUs","decl":{"start":{"line":5,"column":24},"end":{"line":5,"column":31}},"loc":{"start":{"line":5,"column":34},"end":{"line":45,"column":1}},"line":5}},"branchMap":{},"s":{"0":1},"f":{"0":1},"b":{},"_coverageSchema":"1a1c01bbd47fc00a2c39e90264f33305004495a9","hash":"a7257721e5a165af44d00cc84bc5e40ab859f8b6"}
,"/Users/matt/alchemy/career-track/mixttape-front-end/src/components/create/Create.js": {"path":"/Users/matt/alchemy/career-track/mixttape-front-end/src/components/create/Create.js","statementMap":{"0":{"start":{"line":11,"column":24},"end":{"line":11,"column":52}},"1":{"start":{"line":12,"column":22},"end":{"line":12,"column":49}},"2":{"start":{"line":13,"column":19},"end":{"line":13,"column":32}},"3":{"start":{"line":16,"column":2},"end":{"line":18,"column":9}},"4":{"start":{"line":17,"column":4},"end":{"line":17,"column":27}},"5":{"start":{"line":20,"column":2},"end":{"line":26,"column":3}},"6":{"start":{"line":21,"column":4},"end":{"line":25,"column":6}},"7":{"start":{"line":28,"column":2},"end":{"line":30,"column":3}},"8":{"start":{"line":29,"column":4},"end":{"line":29,"column":31}},"9":{"start":{"line":31,"column":2},"end":{"line":42,"column":4}}},"fnMap":{"0":{"name":"Create","decl":{"start":{"line":10,"column":24},"end":{"line":10,"column":30}},"loc":{"start":{"line":10,"column":33},"end":{"line":43,"column":1}},"line":10},"1":{"name":"(anonymous_1)","decl":{"start":{"line":16,"column":12},"end":{"line":16,"column":13}},"loc":{"start":{"line":16,"column":18},"end":{"line":18,"column":3}},"line":16}},"branchMap":{"0":{"loc":{"start":{"line":20,"column":2},"end":{"line":26,"column":3}},"type":"if","locations":[{"start":{"line":20,"column":2},"end":{"line":26,"column":3}},{"start":{"line":20,"column":2},"end":{"line":26,"column":3}}],"line":20},"1":{"loc":{"start":{"line":28,"column":2},"end":{"line":30,"column":3}},"type":"if","locations":[{"start":{"line":28,"column":2},"end":{"line":30,"column":3}},{"start":{"line":28,"column":2},"end":{"line":30,"column":3}}],"line":28}},"s":{"0":0,"1":0,"2":0,"3":0,"4":0,"5":0,"6":0,"7":0,"8":0,"9":0},"f":{"0":0,"1":0},"b":{"0":[0,0],"1":[0,0]},"_coverageSchema":"1a1c01bbd47fc00a2c39e90264f33305004495a9","hash":"83342814ac5bd4c67de4207ddf4be952289bd684"}
,"/Users/matt/alchemy/career-track/mixttape-front-end/src/components/editTape/EditTape.js": {"path":"/Users/matt/alchemy/career-track/mixttape-front-end/src/components/editTape/EditTape.js","statementMap":{"0":{"start":{"line":10,"column":15},"end":{"line":10,"column":35}},"1":{"start":{"line":11,"column":18},"end":{"line":11,"column":51}},"2":{"start":{"line":12,"column":19},"end":{"line":12,"column":32}},"3":{"start":{"line":13,"column":18},"end":{"line":13,"column":30}},"4":{"start":{"line":14,"column":19},"end":{"line":14,"column":47}},"5":{"start":{"line":15,"column":50},"end":{"line":15,"column":60}},"6":{"start":{"line":16,"column":50},"end":{"line":16,"column":60}},"7":{"start":{"line":18,"column":22},"end":{"line":18,"column":34}},"8":{"start":{"line":19,"column":2},"end":{"line":25,"column":17}},"9":{"start":{"line":20,"column":4},"end":{"line":24,"column":5}},"10":{"start":{"line":21,"column":6},"end":{"line":21,"column":75}},"11":{"start":{"line":23,"column":6},"end":{"line":23,"column":34}},"12":{"start":{"line":28,"column":2},"end":{"line":34,"column":3}},"13":{"start":{"line":29,"column":4},"end":{"line":33,"column":7}},"14":{"start":{"line":30,"column":6},"end":{"line":32,"column":11}},"15":{"start":{"line":36,"column":21},"end":{"line":45,"column":3}},"16":{"start":{"line":37,"column":4},"end":{"line":44,"column":5}},"17":{"start":{"line":38,"column":6},"end":{"line":38,"column":58}},"18":{"start":{"line":40,"column":6},"end":{"line":40,"column":40}},"19":{"start":{"line":41,"column":6},"end":{"line":41,"column":32}},"20":{"start":{"line":42,"column":6},"end":{"line":42,"column":37}},"21":{"start":{"line":43,"column":6},"end":{"line":43,"column":37}},"22":{"start":{"line":47,"column":27},"end":{"line":50,"column":3}},"23":{"start":{"line":48,"column":4},"end":{"line":48,"column":39}},"24":{"start":{"line":49,"column":4},"end":{"line":49,"column":38}},"25":{"start":{"line":52,"column":2},"end":{"line":65,"column":4}}},"fnMap":{"0":{"name":"EditTape","decl":{"start":{"line":9,"column":24},"end":{"line":9,"column":32}},"loc":{"start":{"line":9,"column":35},"end":{"line":66,"column":1}},"line":9},"1":{"name":"(anonymous_1)","decl":{"start":{"line":19,"column":12},"end":{"line":19,"column":13}},"loc":{"start":{"line":19,"column":18},"end":{"line":25,"column":3}},"line":19},"2":{"name":"(anonymous_2)","decl":{"start":{"line":29,"column":37},"end":{"line":29,"column":38}},"loc":{"start":{"line":30,"column":6},"end":{"line":32,"column":11}},"line":30},"3":{"name":"(anonymous_3)","decl":{"start":{"line":36,"column":21},"end":{"line":36,"column":22}},"loc":{"start":{"line":36,"column":27},"end":{"line":45,"column":3}},"line":36},"4":{"name":"(anonymous_4)","decl":{"start":{"line":47,"column":27},"end":{"line":47,"column":28}},"loc":{"start":{"line":47,"column":43},"end":{"line":50,"column":3}},"line":47}},"branchMap":{"0":{"loc":{"start":{"line":20,"column":4},"end":{"line":24,"column":5}},"type":"if","locations":[{"start":{"line":20,"column":4},"end":{"line":24,"column":5}},{"start":{"line":20,"column":4},"end":{"line":24,"column":5}}],"line":20},"1":{"loc":{"start":{"line":28,"column":2},"end":{"line":34,"column":3}},"type":"if","locations":[{"start":{"line":28,"column":2},"end":{"line":34,"column":3}},{"start":{"line":28,"column":2},"end":{"line":34,"column":3}}],"line":28},"2":{"loc":{"start":{"line":37,"column":4},"end":{"line":44,"column":5}},"type":"if","locations":[{"start":{"line":37,"column":4},"end":{"line":44,"column":5}},{"start":{"line":37,"column":4},"end":{"line":44,"column":5}}],"line":37},"3":{"loc":{"start":{"line":55,"column":7},"end":{"line":55,"column":52}},"type":"binary-expr","locations":[{"start":{"line":55,"column":7},"end":{"line":55,"column":23}},{"start":{"line":55,"column":27},"end":{"line":55,"column":52}}],"line":55},"4":{"loc":{"start":{"line":57,"column":9},"end":{"line":57,"column":102}},"type":"cond-expr","locations":[{"start":{"line":57,"column":24},"end":{"line":57,"column":36}},{"start":{"line":57,"column":39},"end":{"line":57,"column":102}}],"line":57}},"s":{"0":0,"1":0,"2":0,"3":0,"4":0,"5":0,"6":0,"7":0,"8":0,"9":0,"10":0,"11":0,"12":0,"13":0,"14":0,"15":0,"16":0,"17":0,"18":0,"19":0,"20":0,"21":0,"22":0,"23":0,"24":0,"25":0},"f":{"0":0,"1":0,"2":0,"3":0,"4":0},"b":{"0":[0,0],"1":[0,0],"2":[0,0],"3":[0,0],"4":[0,0]},"_coverageSchema":"1a1c01bbd47fc00a2c39e90264f33305004495a9","hash":"0a7efd8165b551fbdf5371fe9c828d6be323b942"}
,"/Users/matt/alchemy/career-track/mixttape-front-end/src/components/header/Header.js": {"path":"/Users/matt/alchemy/career-track/mixttape-front-end/src/components/header/Header.js","statementMap":{"0":{"start":{"line":6,"column":2},"end":{"line":13,"column":4}}},"fnMap":{"0":{"name":"Header","decl":{"start":{"line":4,"column":24},"end":{"line":4,"column":30}},"loc":{"start":{"line":4,"column":33},"end":{"line":14,"column":1}},"line":4}},"branchMap":{},"s":{"0":0},"f":{"0":0},"b":{},"_coverageSchema":"1a1c01bbd47fc00a2c39e90264f33305004495a9","hash":"89391049254abf23695f435cd1f6b69e888178e5"}
,"/Users/matt/alchemy/career-track/mixttape-front-end/src/components/loginSignUp/Login.js": {"path":"/Users/matt/alchemy/career-track/mixttape-front-end/src/components/loginSignUp/Login.js","statementMap":{"0":{"start":{"line":9,"column":19},"end":{"line":9,"column":32}},"1":{"start":{"line":10,"column":34},"end":{"line":10,"column":46}},"2":{"start":{"line":11,"column":34},"end":{"line":11,"column":46}},"3":{"start":{"line":12,"column":18},"end":{"line":12,"column":30}},"4":{"start":{"line":13,"column":24},"end":{"line":13,"column":52}},"5":{"start":{"line":14,"column":20},"end":{"line":14,"column":41}},"6":{"start":{"line":15,"column":22},"end":{"line":15,"column":49}},"7":{"start":{"line":17,"column":31},"end":{"line":19,"column":3}},"8":{"start":{"line":18,"column":4},"end":{"line":18,"column":30}},"9":{"start":{"line":21,"column":31},"end":{"line":23,"column":3}},"10":{"start":{"line":22,"column":4},"end":{"line":22,"column":30}},"11":{"start":{"line":25,"column":28},"end":{"line":28,"column":3}},"12":{"start":{"line":26,"column":4},"end":{"line":26,"column":27}},"13":{"start":{"line":27,"column":4},"end":{"line":27,"column":47}},"14":{"start":{"line":30,"column":2},"end":{"line":32,"column":3}},"15":{"start":{"line":31,"column":4},"end":{"line":31,"column":43}},"16":{"start":{"line":34,"column":2},"end":{"line":44,"column":4}},"17":{"start":{"line":42,"column":48},"end":{"line":42,"column":65}},"18":{"start":{"line":46,"column":0},"end":{"line":48,"column":2}}},"fnMap":{"0":{"name":"Login","decl":{"start":{"line":8,"column":24},"end":{"line":8,"column":29}},"loc":{"start":{"line":8,"column":43},"end":{"line":45,"column":1}},"line":8},"1":{"name":"(anonymous_1)","decl":{"start":{"line":17,"column":31},"end":{"line":17,"column":32}},"loc":{"start":{"line":17,"column":47},"end":{"line":19,"column":3}},"line":17},"2":{"name":"(anonymous_2)","decl":{"start":{"line":21,"column":31},"end":{"line":21,"column":32}},"loc":{"start":{"line":21,"column":47},"end":{"line":23,"column":3}},"line":21},"3":{"name":"(anonymous_3)","decl":{"start":{"line":25,"column":28},"end":{"line":25,"column":29}},"loc":{"start":{"line":25,"column":39},"end":{"line":28,"column":3}},"line":25},"4":{"name":"(anonymous_4)","decl":{"start":{"line":42,"column":42},"end":{"line":42,"column":43}},"loc":{"start":{"line":42,"column":48},"end":{"line":42,"column":65}},"line":42}},"branchMap":{"0":{"loc":{"start":{"line":30,"column":2},"end":{"line":32,"column":3}},"type":"if","locations":[{"start":{"line":30,"column":2},"end":{"line":32,"column":3}},{"start":{"line":30,"column":2},"end":{"line":32,"column":3}}],"line":30},"1":{"loc":{"start":{"line":30,"column":5},"end":{"line":30,"column":34}},"type":"binary-expr","locations":[{"start":{"line":30,"column":5},"end":{"line":30,"column":18}},{"start":{"line":30,"column":22},"end":{"line":30,"column":34}}],"line":30},"2":{"loc":{"start":{"line":36,"column":7},"end":{"line":36,"column":46}},"type":"binary-expr","locations":[{"start":{"line":36,"column":7},"end":{"line":36,"column":16}},{"start":{"line":36,"column":20},"end":{"line":36,"column":46}}],"line":36}},"s":{"0":0,"1":0,"2":0,"3":0,"4":0,"5":0,"6":0,"7":0,"8":0,"9":0,"10":0,"11":0,"12":0,"13":0,"14":0,"15":0,"16":0,"17":0,"18":3},"f":{"0":0,"1":0,"2":0,"3":0,"4":0},"b":{"0":[0,0],"1":[0,0],"2":[0,0]},"_coverageSchema":"1a1c01bbd47fc00a2c39e90264f33305004495a9","hash":"b4524eeed19c6349d0c138a1392cbdf16ba88ce5"}
,"/Users/matt/alchemy/career-track/mixttape-front-end/src/components/loginSignUp/SignUp.js": {"path":"/Users/matt/alchemy/career-track/mixttape-front-end/src/components/loginSignUp/SignUp.js","statementMap":{"0":{"start":{"line":9,"column":19},"end":{"line":9,"column":32}},"1":{"start":{"line":10,"column":34},"end":{"line":10,"column":46}},"2":{"start":{"line":11,"column":34},"end":{"line":11,"column":46}},"3":{"start":{"line":12,"column":18},"end":{"line":12,"column":30}},"4":{"start":{"line":13,"column":24},"end":{"line":13,"column":52}},"5":{"start":{"line":14,"column":20},"end":{"line":14,"column":41}},"6":{"start":{"line":16,"column":31},"end":{"line":18,"column":3}},"7":{"start":{"line":17,"column":4},"end":{"line":17,"column":30}},"8":{"start":{"line":20,"column":31},"end":{"line":22,"column":3}},"9":{"start":{"line":21,"column":4},"end":{"line":21,"column":30}},"10":{"start":{"line":24,"column":29},"end":{"line":28,"column":3}},"11":{"start":{"line":25,"column":4},"end":{"line":25,"column":27}},"12":{"start":{"line":26,"column":4},"end":{"line":26,"column":48}},"13":{"start":{"line":27,"column":4},"end":{"line":27,"column":32}},"14":{"start":{"line":30,"column":2},"end":{"line":32,"column":3}},"15":{"start":{"line":31,"column":4},"end":{"line":31,"column":41}},"16":{"start":{"line":34,"column":2},"end":{"line":44,"column":4}},"17":{"start":{"line":42,"column":48},"end":{"line":42,"column":64}},"18":{"start":{"line":46,"column":0},"end":{"line":48,"column":2}}},"fnMap":{"0":{"name":"SignUp","decl":{"start":{"line":8,"column":24},"end":{"line":8,"column":30}},"loc":{"start":{"line":8,"column":44},"end":{"line":45,"column":1}},"line":8},"1":{"name":"(anonymous_1)","decl":{"start":{"line":16,"column":31},"end":{"line":16,"column":32}},"loc":{"start":{"line":16,"column":47},"end":{"line":18,"column":3}},"line":16},"2":{"name":"(anonymous_2)","decl":{"start":{"line":20,"column":31},"end":{"line":20,"column":32}},"loc":{"start":{"line":20,"column":47},"end":{"line":22,"column":3}},"line":20},"3":{"name":"(anonymous_3)","decl":{"start":{"line":24,"column":29},"end":{"line":24,"column":30}},"loc":{"start":{"line":24,"column":40},"end":{"line":28,"column":3}},"line":24},"4":{"name":"(anonymous_4)","decl":{"start":{"line":42,"column":42},"end":{"line":42,"column":43}},"loc":{"start":{"line":42,"column":48},"end":{"line":42,"column":64}},"line":42}},"branchMap":{"0":{"loc":{"start":{"line":30,"column":2},"end":{"line":32,"column":3}},"type":"if","locations":[{"start":{"line":30,"column":2},"end":{"line":32,"column":3}},{"start":{"line":30,"column":2},"end":{"line":32,"column":3}}],"line":30},"1":{"loc":{"start":{"line":36,"column":7},"end":{"line":36,"column":46}},"type":"binary-expr","locations":[{"start":{"line":36,"column":7},"end":{"line":36,"column":16}},{"start":{"line":36,"column":20},"end":{"line":36,"column":46}}],"line":36}},"s":{"0":0,"1":0,"2":0,"3":0,"4":0,"5":0,"6":0,"7":0,"8":0,"9":0,"10":0,"11":0,"12":0,"13":0,"14":0,"15":0,"16":0,"17":0,"18":3},"f":{"0":0,"1":0,"2":0,"3":0,"4":0},"b":{"0":[0,0],"1":[0,0]},"_coverageSchema":"1a1c01bbd47fc00a2c39e90264f33305004495a9","hash":"6cdee4b6780a5addbf8cf9e3594485fe620465ae"}
,"/Users/matt/alchemy/career-track/mixttape-front-end/src/components/mediaRecorder/MediaRecorder.js": {"path":"/Users/matt/alchemy/career-track/mixttape-front-end/src/components/mediaRecorder/MediaRecorder.js","statementMap":{"0":{"start":{"line":5,"column":26},"end":{"line":118,"column":1}},"1":{"start":{"line":6,"column":30},"end":{"line":6,"column":45}},"2":{"start":{"line":7,"column":44},"end":{"line":7,"column":58}},"3":{"start":{"line":8,"column":36},"end":{"line":8,"column":50}},"4":{"start":{"line":9,"column":34},"end":{"line":9,"column":48}},"5":{"start":{"line":10,"column":28},"end":{"line":10,"column":43}},"6":{"start":{"line":11,"column":28},"end":{"line":11,"column":40}},"7":{"start":{"line":12,"column":19},"end":{"line":12,"column":32}},"8":{"start":{"line":14,"column":2},"end":{"line":19,"column":9}},"9":{"start":{"line":15,"column":4},"end":{"line":15,"column":23}},"10":{"start":{"line":16,"column":4},"end":{"line":18,"column":6}},"11":{"start":{"line":17,"column":6},"end":{"line":17,"column":22}},"12":{"start":{"line":21,"column":27},"end":{"line":37,"column":3}},"13":{"start":{"line":22,"column":4},"end":{"line":36,"column":9}},"14":{"start":{"line":24,"column":23},"end":{"line":24,"column":25}},"15":{"start":{"line":25,"column":28},"end":{"line":25,"column":60}},"16":{"start":{"line":26,"column":8},"end":{"line":28,"column":10}},"17":{"start":{"line":27,"column":10},"end":{"line":27,"column":30}},"18":{"start":{"line":29,"column":8},"end":{"line":34,"column":10}},"19":{"start":{"line":30,"column":23},"end":{"line":30,"column":65}},"20":{"start":{"line":31,"column":25},"end":{"line":31,"column":50}},"21":{"start":{"line":32,"column":10},"end":{"line":32,"column":29}},"22":{"start":{"line":33,"column":10},"end":{"line":33,"column":32}},"23":{"start":{"line":35,"column":8},"end":{"line":35,"column":40}},"24":{"start":{"line":39,"column":24},"end":{"line":47,"column":3}},"25":{"start":{"line":40,"column":4},"end":{"line":42,"column":5}},"26":{"start":{"line":41,"column":6},"end":{"line":41,"column":27}},"27":{"start":{"line":43,"column":4},"end":{"line":43,"column":21}},"28":{"start":{"line":44,"column":4},"end":{"line":44,"column":27}},"29":{"start":{"line":45,"column":4},"end":{"line":45,"column":21}},"30":{"start":{"line":46,"column":4},"end":{"line":46,"column":22}},"31":{"start":{"line":49,"column":25},"end":{"line":57,"column":3}},"32":{"start":{"line":50,"column":4},"end":{"line":50,"column":26}},"33":{"start":{"line":51,"column":4},"end":{"line":51,"column":20}},"34":{"start":{"line":52,"column":4},"end":{"line":56,"column":14}},"35":{"start":{"line":53,"column":6},"end":{"line":55,"column":7}},"36":{"start":{"line":54,"column":8},"end":{"line":54,"column":24}},"37":{"start":{"line":59,"column":24},"end":{"line":62,"column":3}},"38":{"start":{"line":60,"column":4},"end":{"line":60,"column":25}},"39":{"start":{"line":61,"column":4},"end":{"line":61,"column":21}},"40":{"start":{"line":64,"column":24},"end":{"line":87,"column":3}},"41":{"start":{"line":65,"column":19},"end":{"line":65,"column":33}},"42":{"start":{"line":66,"column":4},"end":{"line":66,"column":36}},"43":{"start":{"line":67,"column":4},"end":{"line":67,"column":44}},"44":{"start":{"line":68,"column":4},"end":{"line":68,"column":36}},"45":{"start":{"line":69,"column":4},"end":{"line":86,"column":7}},"46":{"start":{"line":73,"column":6},"end":{"line":73,"column":21}},"47":{"start":{"line":74,"column":6},"end":{"line":74,"column":24}},"48":{"start":{"line":76,"column":28},"end":{"line":83,"column":7}},"49":{"start":{"line":84,"column":6},"end":{"line":84,"column":39}},"50":{"start":{"line":85,"column":6},"end":{"line":85,"column":19}},"51":{"start":{"line":89,"column":21},"end":{"line":93,"column":3}},"52":{"start":{"line":90,"column":4},"end":{"line":90,"column":21}},"53":{"start":{"line":91,"column":4},"end":{"line":91,"column":22}},"54":{"start":{"line":92,"column":4},"end":{"line":92,"column":20}},"55":{"start":{"line":95,"column":2},"end":{"line":117,"column":4}},"56":{"start":{"line":105,"column":113},"end":{"line":105,"column":141}}},"fnMap":{"0":{"name":"(anonymous_0)","decl":{"start":{"line":5,"column":26},"end":{"line":5,"column":27}},"loc":{"start":{"line":5,"column":32},"end":{"line":118,"column":1}},"line":5},"1":{"name":"(anonymous_1)","decl":{"start":{"line":14,"column":12},"end":{"line":14,"column":13}},"loc":{"start":{"line":14,"column":18},"end":{"line":19,"column":3}},"line":14},"2":{"name":"(anonymous_2)","decl":{"start":{"line":16,"column":11},"end":{"line":16,"column":12}},"loc":{"start":{"line":16,"column":17},"end":{"line":18,"column":5}},"line":16},"3":{"name":"(anonymous_3)","decl":{"start":{"line":21,"column":27},"end":{"line":21,"column":28}},"loc":{"start":{"line":21,"column":33},"end":{"line":37,"column":3}},"line":21},"4":{"name":"(anonymous_4)","decl":{"start":{"line":23,"column":12},"end":{"line":23,"column":13}},"loc":{"start":{"line":23,"column":22},"end":{"line":36,"column":7}},"line":23},"5":{"name":"(anonymous_5)","decl":{"start":{"line":26,"column":40},"end":{"line":26,"column":41}},"loc":{"start":{"line":26,"column":45},"end":{"line":28,"column":9}},"line":26},"6":{"name":"(anonymous_6)","decl":{"start":{"line":29,"column":31},"end":{"line":29,"column":32}},"loc":{"start":{"line":29,"column":37},"end":{"line":34,"column":9}},"line":29},"7":{"name":"(anonymous_7)","decl":{"start":{"line":39,"column":24},"end":{"line":39,"column":25}},"loc":{"start":{"line":39,"column":30},"end":{"line":47,"column":3}},"line":39},"8":{"name":"(anonymous_8)","decl":{"start":{"line":49,"column":25},"end":{"line":49,"column":26}},"loc":{"start":{"line":49,"column":31},"end":{"line":57,"column":3}},"line":49},"9":{"name":"(anonymous_9)","decl":{"start":{"line":52,"column":15},"end":{"line":52,"column":16}},"loc":{"start":{"line":52,"column":21},"end":{"line":56,"column":5}},"line":52},"10":{"name":"(anonymous_10)","decl":{"start":{"line":59,"column":24},"end":{"line":59,"column":25}},"loc":{"start":{"line":59,"column":30},"end":{"line":62,"column":3}},"line":59},"11":{"name":"(anonymous_11)","decl":{"start":{"line":64,"column":24},"end":{"line":64,"column":25}},"loc":{"start":{"line":64,"column":30},"end":{"line":87,"column":3}},"line":64},"12":{"name":"(anonymous_12)","decl":{"start":{"line":72,"column":12},"end":{"line":72,"column":13}},"loc":{"start":{"line":72,"column":19},"end":{"line":75,"column":5}},"line":72},"13":{"name":"(anonymous_13)","decl":{"start":{"line":75,"column":12},"end":{"line":75,"column":13}},"loc":{"start":{"line":75,"column":25},"end":{"line":86,"column":5}},"line":75},"14":{"name":"(anonymous_14)","decl":{"start":{"line":89,"column":21},"end":{"line":89,"column":22}},"loc":{"start":{"line":89,"column":27},"end":{"line":93,"column":3}},"line":89},"15":{"name":"(anonymous_15)","decl":{"start":{"line":105,"column":107},"end":{"line":105,"column":108}},"loc":{"start":{"line":105,"column":113},"end":{"line":105,"column":141}},"line":105}},"branchMap":{"0":{"loc":{"start":{"line":40,"column":4},"end":{"line":42,"column":5}},"type":"if","locations":[{"start":{"line":40,"column":4},"end":{"line":42,"column":5}},{"start":{"line":40,"column":4},"end":{"line":42,"column":5}}],"line":40},"1":{"loc":{"start":{"line":53,"column":6},"end":{"line":55,"column":7}},"type":"if","locations":[{"start":{"line":53,"column":6},"end":{"line":55,"column":7}},{"start":{"line":53,"column":6},"end":{"line":55,"column":7}}],"line":53},"2":{"loc":{"start":{"line":97,"column":7},"end":{"line":98,"column":92}},"type":"binary-expr","locations":[{"start":{"line":97,"column":8},"end":{"line":97,"column":15}},{"start":{"line":97,"column":19},"end":{"line":97,"column":28}},{"start":{"line":98,"column":10},"end":{"line":98,"column":92}}],"line":97},"3":{"loc":{"start":{"line":100,"column":7},"end":{"line":101,"column":90}},"type":"binary-expr","locations":[{"start":{"line":100,"column":8},"end":{"line":100,"column":14}},{"start":{"line":100,"column":18},"end":{"line":100,"column":27}},{"start":{"line":101,"column":10},"end":{"line":101,"column":90}}],"line":100},"4":{"loc":{"start":{"line":103,"column":7},"end":{"line":108,"column":13}},"type":"binary-expr","locations":[{"start":{"line":103,"column":8},"end":{"line":103,"column":16}},{"start":{"line":103,"column":20},"end":{"line":103,"column":26}},{"start":{"line":104,"column":10},"end":{"line":108,"column":13}}],"line":103},"5":{"loc":{"start":{"line":110,"column":7},"end":{"line":114,"column":13}},"type":"binary-expr","locations":[{"start":{"line":110,"column":8},"end":{"line":110,"column":16}},{"start":{"line":110,"column":20},"end":{"line":110,"column":25}},{"start":{"line":111,"column":10},"end":{"line":114,"column":13}}],"line":110}},"s":{"0":4,"1":0,"2":0,"3":0,"4":0,"5":0,"6":0,"7":0,"8":0,"9":0,"10":0,"11":0,"12":0,"13":0,"14":0,"15":0,"16":0,"17":0,"18":0,"19":0,"20":0,"21":0,"22":0,"23":0,"24":0,"25":0,"26":0,"27":0,"28":0,"29":0,"30":0,"31":0,"32":0,"33":0,"34":0,"35":0,"36":0,"37":0,"38":0,"39":0,"40":0,"41":0,"42":0,"43":0,"44":0,"45":0,"46":0,"47":0,"48":0,"49":0,"50":0,"51":0,"52":0,"53":0,"54":0,"55":0,"56":0},"f":{"0":0,"1":0,"2":0,"3":0,"4":0,"5":0,"6":0,"7":0,"8":0,"9":0,"10":0,"11":0,"12":0,"13":0,"14":0,"15":0},"b":{"0":[0,0],"1":[0,0],"2":[0,0,0],"3":[0,0,0],"4":[0,0,0],"5":[0,0,0]},"_coverageSchema":"1a1c01bbd47fc00a2c39e90264f33305004495a9","hash":"28cb60c5d2d8c7b2e0fd1b9066e8ab7a942cc81d"}
,"/Users/matt/alchemy/career-track/mixttape-front-end/src/components/mixt/Mixt.js": {"path":"/Users/matt/alchemy/career-track/mixttape-front-end/src/components/mixt/Mixt.js","statementMap":{"0":{"start":{"line":12,"column":2},"end":{"line":22,"column":4}}},"fnMap":{"0":{"name":"Mixt","decl":{"start":{"line":10,"column":24},"end":{"line":10,"column":28}},"loc":{"start":{"line":10,"column":31},"end":{"line":23,"column":1}},"line":10}},"branchMap":{},"s":{"0":0},"f":{"0":0},"b":{},"_coverageSchema":"1a1c01bbd47fc00a2c39e90264f33305004495a9","hash":"d9895e7b79901600760982c0895c9be9767be6f3"}
,"/Users/matt/alchemy/career-track/mixttape-front-end/src/components/mixtapeSong/MixtapeSong.js": {"path":"/Users/matt/alchemy/career-track/mixttape-front-end/src/components/mixtapeSong/MixtapeSong.js","statementMap":{"0":{"start":{"line":8,"column":19},"end":{"line":8,"column":32}},"1":{"start":{"line":9,"column":23},"end":{"line":18,"column":3}},"2":{"start":{"line":10,"column":4},"end":{"line":10,"column":46}},"3":{"start":{"line":11,"column":4},"end":{"line":17,"column":5}},"4":{"start":{"line":12,"column":6},"end":{"line":16,"column":26}},"5":{"start":{"line":16,"column":21},"end":{"line":16,"column":24}},"6":{"start":{"line":20,"column":2},"end":{"line":28,"column":4}},"7":{"start":{"line":31,"column":0},"end":{"line":38,"column":2}}},"fnMap":{"0":{"name":"mixtapeSong","decl":{"start":{"line":7,"column":24},"end":{"line":7,"column":35}},"loc":{"start":{"line":7,"column":46},"end":{"line":29,"column":1}},"line":7},"1":{"name":"(anonymous_1)","decl":{"start":{"line":9,"column":23},"end":{"line":9,"column":24}},"loc":{"start":{"line":9,"column":46},"end":{"line":18,"column":3}},"line":9},"2":{"name":"(anonymous_2)","decl":{"start":{"line":16,"column":14},"end":{"line":16,"column":15}},"loc":{"start":{"line":16,"column":21},"end":{"line":16,"column":24}},"line":16}},"branchMap":{"0":{"loc":{"start":{"line":11,"column":4},"end":{"line":17,"column":5}},"type":"if","locations":[{"start":{"line":11,"column":4},"end":{"line":17,"column":5}},{"start":{"line":11,"column":4},"end":{"line":17,"column":5}}],"line":11}},"s":{"0":0,"1":0,"2":0,"3":0,"4":0,"5":0,"6":0,"7":5},"f":{"0":0,"1":0,"2":0},"b":{"0":[0,0]},"_coverageSchema":"1a1c01bbd47fc00a2c39e90264f33305004495a9","hash":"56a3c62dcd1a8dcaacad8dbbf82e8b55916d80d1"}
,"/Users/matt/alchemy/career-track/mixttape-front-end/src/components/nav/Nav.js": {"path":"/Users/matt/alchemy/career-track/mixttape-front-end/src/components/nav/Nav.js","statementMap":{"0":{"start":{"line":8,"column":24},"end":{"line":8,"column":52}},"1":{"start":{"line":10,"column":23},"end":{"line":13,"column":3}},"2":{"start":{"line":11,"column":4},"end":{"line":12,"column":42}},"3":{"start":{"line":15,"column":2},"end":{"line":24,"column":3}},"4":{"start":{"line":16,"column":4},"end":{"line":23,"column":6}},"5":{"start":{"line":26,"column":2},"end":{"line":34,"column":4}}},"fnMap":{"0":{"name":"Nav","decl":{"start":{"line":6,"column":24},"end":{"line":6,"column":27}},"loc":{"start":{"line":6,"column":30},"end":{"line":35,"column":1}},"line":6},"1":{"name":"(anonymous_1)","decl":{"start":{"line":10,"column":23},"end":{"line":10,"column":24}},"loc":{"start":{"line":10,"column":29},"end":{"line":13,"column":3}},"line":10}},"branchMap":{"0":{"loc":{"start":{"line":15,"column":2},"end":{"line":24,"column":3}},"type":"if","locations":[{"start":{"line":15,"column":2},"end":{"line":24,"column":3}},{"start":{"line":15,"column":2},"end":{"line":24,"column":3}}],"line":15}},"s":{"0":0,"1":0,"2":0,"3":0,"4":0,"5":0},"f":{"0":0,"1":0},"b":{"0":[0,0]},"_coverageSchema":"1a1c01bbd47fc00a2c39e90264f33305004495a9","hash":"b2d32419105961744a059726b29e2b1f30b3f0a6"}
,"/Users/matt/alchemy/career-track/mixttape-front-end/src/components/player/Player.js": {"path":"/Users/matt/alchemy/career-track/mixttape-front-end/src/components/player/Player.js","statementMap":{"0":{"start":{"line":9,"column":19},"end":{"line":9,"column":32}},"1":{"start":{"line":10,"column":18},"end":{"line":10,"column":41}},"2":{"start":{"line":11,"column":24},"end":{"line":11,"column":53}},"3":{"start":{"line":12,"column":27},"end":{"line":12,"column":52}},"4":{"start":{"line":14,"column":40},"end":{"line":14,"column":67}},"5":{"start":{"line":15,"column":38},"end":{"line":15,"column":50}},"6":{"start":{"line":16,"column":44},"end":{"line":16,"column":55}},"7":{"start":{"line":17,"column":2},"end":{"line":22,"column":40}},"8":{"start":{"line":18,"column":4},"end":{"line":21,"column":5}},"9":{"start":{"line":19,"column":6},"end":{"line":19,"column":54}},"10":{"start":{"line":20,"column":6},"end":{"line":20,"column":60}},"11":{"start":{"line":24,"column":19},"end":{"line":34,"column":3}},"12":{"start":{"line":25,"column":4},"end":{"line":27,"column":5}},"13":{"start":{"line":26,"column":6},"end":{"line":26,"column":72}},"14":{"start":{"line":28,"column":4},"end":{"line":30,"column":5}},"15":{"start":{"line":29,"column":6},"end":{"line":29,"column":74}},"16":{"start":{"line":31,"column":4},"end":{"line":33,"column":5}},"17":{"start":{"line":32,"column":6},"end":{"line":32,"column":87}},"18":{"start":{"line":36,"column":20},"end":{"line":38,"column":3}},"19":{"start":{"line":37,"column":4},"end":{"line":37,"column":33}},"20":{"start":{"line":40,"column":19},"end":{"line":47,"column":3}},"21":{"start":{"line":41,"column":4},"end":{"line":45,"column":5}},"22":{"start":{"line":42,"column":6},"end":{"line":42,"column":32}},"23":{"start":{"line":43,"column":6},"end":{"line":43,"column":24}},"24":{"start":{"line":44,"column":6},"end":{"line":44,"column":13}},"25":{"start":{"line":46,"column":4},"end":{"line":46,"column":49}},"26":{"start":{"line":49,"column":24},"end":{"line":51,"column":3}},"27":{"start":{"line":50,"column":4},"end":{"line":50,"column":35}},"28":{"start":{"line":53,"column":26},"end":{"line":56,"column":3}},"29":{"start":{"line":54,"column":4},"end":{"line":54,"column":47}},"30":{"start":{"line":54,"column":30},"end":{"line":54,"column":47}},"31":{"start":{"line":55,"column":4},"end":{"line":55,"column":43}},"32":{"start":{"line":59,"column":2},"end":{"line":89,"column":4}},"33":{"start":{"line":71,"column":35},"end":{"line":71,"column":46}},"34":{"start":{"line":72,"column":35},"end":{"line":72,"column":45}},"35":{"start":{"line":76,"column":40},"end":{"line":76,"column":60}}},"fnMap":{"0":{"name":"Player","decl":{"start":{"line":8,"column":24},"end":{"line":8,"column":30}},"loc":{"start":{"line":8,"column":33},"end":{"line":90,"column":1}},"line":8},"1":{"name":"(anonymous_1)","decl":{"start":{"line":17,"column":12},"end":{"line":17,"column":13}},"loc":{"start":{"line":17,"column":18},"end":{"line":22,"column":3}},"line":17},"2":{"name":"(anonymous_2)","decl":{"start":{"line":24,"column":19},"end":{"line":24,"column":20}},"loc":{"start":{"line":24,"column":29},"end":{"line":34,"column":3}},"line":24},"3":{"name":"(anonymous_3)","decl":{"start":{"line":36,"column":20},"end":{"line":36,"column":21}},"loc":{"start":{"line":36,"column":32},"end":{"line":38,"column":3}},"line":36},"4":{"name":"(anonymous_4)","decl":{"start":{"line":40,"column":19},"end":{"line":40,"column":20}},"loc":{"start":{"line":40,"column":25},"end":{"line":47,"column":3}},"line":40},"5":{"name":"(anonymous_5)","decl":{"start":{"line":49,"column":24},"end":{"line":49,"column":25}},"loc":{"start":{"line":49,"column":40},"end":{"line":51,"column":3}},"line":49},"6":{"name":"(anonymous_6)","decl":{"start":{"line":53,"column":26},"end":{"line":53,"column":27}},"loc":{"start":{"line":53,"column":41},"end":{"line":56,"column":3}},"line":53},"7":{"name":"(anonymous_7)","decl":{"start":{"line":71,"column":29},"end":{"line":71,"column":30}},"loc":{"start":{"line":71,"column":35},"end":{"line":71,"column":46}},"line":71},"8":{"name":"(anonymous_8)","decl":{"start":{"line":72,"column":29},"end":{"line":72,"column":30}},"loc":{"start":{"line":72,"column":35},"end":{"line":72,"column":45}},"line":72},"9":{"name":"(anonymous_9)","decl":{"start":{"line":76,"column":29},"end":{"line":76,"column":30}},"loc":{"start":{"line":76,"column":40},"end":{"line":76,"column":60}},"line":76}},"branchMap":{"0":{"loc":{"start":{"line":18,"column":4},"end":{"line":21,"column":5}},"type":"if","locations":[{"start":{"line":18,"column":4},"end":{"line":21,"column":5}},{"start":{"line":18,"column":4},"end":{"line":21,"column":5}}],"line":18},"1":{"loc":{"start":{"line":25,"column":4},"end":{"line":27,"column":5}},"type":"if","locations":[{"start":{"line":25,"column":4},"end":{"line":27,"column":5}},{"start":{"line":25,"column":4},"end":{"line":27,"column":5}}],"line":25},"2":{"loc":{"start":{"line":28,"column":4},"end":{"line":30,"column":5}},"type":"if","locations":[{"start":{"line":28,"column":4},"end":{"line":30,"column":5}},{"start":{"line":28,"column":4},"end":{"line":30,"column":5}}],"line":28},"3":{"loc":{"start":{"line":31,"column":4},"end":{"line":33,"column":5}},"type":"if","locations":[{"start":{"line":31,"column":4},"end":{"line":33,"column":5}},{"start":{"line":31,"column":4},"end":{"line":33,"column":5}}],"line":31},"4":{"loc":{"start":{"line":41,"column":4},"end":{"line":45,"column":5}},"type":"if","locations":[{"start":{"line":41,"column":4},"end":{"line":45,"column":5}},{"start":{"line":41,"column":4},"end":{"line":45,"column":5}}],"line":41},"5":{"loc":{"start":{"line":54,"column":4},"end":{"line":54,"column":47}},"type":"if","locations":[{"start":{"line":54,"column":4},"end":{"line":54,"column":47}},{"start":{"line":54,"column":4},"end":{"line":54,"column":47}}],"line":54},"6":{"loc":{"start":{"line":68,"column":40},"end":{"line":68,"column":99}},"type":"cond-expr","locations":[{"start":{"line":68,"column":60},"end":{"line":68,"column":94}},{"start":{"line":68,"column":97},"end":{"line":68,"column":99}}],"line":68},"7":{"loc":{"start":{"line":71,"column":98},"end":{"line":71,"column":144}},"type":"cond-expr","locations":[{"start":{"line":71,"column":108},"end":{"line":71,"column":125}},{"start":{"line":71,"column":128},"end":{"line":71,"column":144}}],"line":71}},"s":{"0":0,"1":0,"2":0,"3":0,"4":0,"5":0,"6":0,"7":0,"8":0,"9":0,"10":0,"11":0,"12":0,"13":0,"14":0,"15":0,"16":0,"17":0,"18":0,"19":0,"20":0,"21":0,"22":0,"23":0,"24":0,"25":0,"26":0,"27":0,"28":0,"29":0,"30":0,"31":0,"32":0,"33":0,"34":0,"35":0},"f":{"0":0,"1":0,"2":0,"3":0,"4":0,"5":0,"6":0,"7":0,"8":0,"9":0},"b":{"0":[0,0],"1":[0,0],"2":[0,0],"3":[0,0],"4":[0,0],"5":[0,0],"6":[0,0],"7":[0,0]},"_coverageSchema":"1a1c01bbd47fc00a2c39e90264f33305004495a9","hash":"6672a67a1876c22fbaee2463bf2851250513aaad"}
,"/Users/matt/alchemy/career-track/mixttape-front-end/src/components/player/ReactPlayer.js": {"path":"/Users/matt/alchemy/career-track/mixttape-front-end/src/components/player/ReactPlayer.js","statementMap":{"0":{"start":{"line":5,"column":36},"end":{"line":10,"column":1}},"1":{"start":{"line":7,"column":2},"end":{"line":9,"column":4}},"2":{"start":{"line":12,"column":0},"end":{"line":17,"column":2}}},"fnMap":{"0":{"name":"(anonymous_0)","decl":{"start":{"line":5,"column":36},"end":{"line":5,"column":37}},"loc":{"start":{"line":5,"column":78},"end":{"line":10,"column":1}},"line":5}},"branchMap":{},"s":{"0":4,"1":0,"2":4},"f":{"0":0},"b":{},"_coverageSchema":"1a1c01bbd47fc00a2c39e90264f33305004495a9","hash":"f48f64a2597cd5c2fc232783b82ef4ce6325514d"}
,"/Users/matt/alchemy/career-track/mixttape-front-end/src/components/searchResultSection/SoundcloudSearchResultSection.js": {"path":"/Users/matt/alchemy/career-track/mixttape-front-end/src/components/searchResultSection/SoundcloudSearchResultSection.js","statementMap":{"0":{"start":{"line":6,"column":52},"end":{"line":6,"column":64}},"1":{"start":{"line":8,"column":20},"end":{"line":8,"column":33}},"2":{"start":{"line":9,"column":2},"end":{"line":9,"column":38}},"3":{"start":{"line":11,"column":2},"end":{"line":20,"column":9}},"4":{"start":{"line":12,"column":4},"end":{"line":19,"column":9}},"5":{"start":{"line":12,"column":50},"end":{"line":19,"column":5}},"6":{"start":{"line":22,"column":22},"end":{"line":26,"column":4}},"7":{"start":{"line":23,"column":4},"end":{"line":25,"column":9}},"8":{"start":{"line":28,"column":2},"end":{"line":35,"column":4}},"9":{"start":{"line":38,"column":0},"end":{"line":40,"column":2}}},"fnMap":{"0":{"name":"SoundcloudSearchResultSection","decl":{"start":{"line":5,"column":24},"end":{"line":5,"column":53}},"loc":{"start":{"line":5,"column":67},"end":{"line":36,"column":1}},"line":5},"1":{"name":"(anonymous_1)","decl":{"start":{"line":11,"column":12},"end":{"line":11,"column":13}},"loc":{"start":{"line":11,"column":18},"end":{"line":20,"column":3}},"line":11},"2":{"name":"(anonymous_2)","decl":{"start":{"line":12,"column":39},"end":{"line":12,"column":40}},"loc":{"start":{"line":12,"column":50},"end":{"line":19,"column":5}},"line":12},"3":{"name":"(anonymous_3)","decl":{"start":{"line":22,"column":44},"end":{"line":22,"column":45}},"loc":{"start":{"line":23,"column":4},"end":{"line":25,"column":9}},"line":23}},"branchMap":{},"s":{"0":0,"1":0,"2":0,"3":0,"4":0,"5":0,"6":0,"7":0,"8":0,"9":5},"f":{"0":0,"1":0,"2":0,"3":0},"b":{},"_coverageSchema":"1a1c01bbd47fc00a2c39e90264f33305004495a9","hash":"89e2bfd48ed7f786d48153ae748440555d0f48bc"}
,"/Users/matt/alchemy/career-track/mixttape-front-end/src/components/searchResultSection/YoutubeSearchResultSection.js": {"path":"/Users/matt/alchemy/career-track/mixttape-front-end/src/components/searchResultSection/YoutubeSearchResultSection.js","statementMap":{"0":{"start":{"line":6,"column":52},"end":{"line":6,"column":64}},"1":{"start":{"line":8,"column":20},"end":{"line":8,"column":33}},"2":{"start":{"line":10,"column":2},"end":{"line":19,"column":9}},"3":{"start":{"line":11,"column":4},"end":{"line":18,"column":9}},"4":{"start":{"line":11,"column":50},"end":{"line":18,"column":5}},"5":{"start":{"line":21,"column":22},"end":{"line":25,"column":4}},"6":{"start":{"line":22,"column":4},"end":{"line":24,"column":9}},"7":{"start":{"line":27,"column":2},"end":{"line":34,"column":4}},"8":{"start":{"line":37,"column":0},"end":{"line":39,"column":2}}},"fnMap":{"0":{"name":"YoutubeSearchResultSection","decl":{"start":{"line":5,"column":24},"end":{"line":5,"column":50}},"loc":{"start":{"line":5,"column":64},"end":{"line":35,"column":1}},"line":5},"1":{"name":"(anonymous_1)","decl":{"start":{"line":10,"column":12},"end":{"line":10,"column":13}},"loc":{"start":{"line":10,"column":18},"end":{"line":19,"column":3}},"line":10},"2":{"name":"(anonymous_2)","decl":{"start":{"line":11,"column":39},"end":{"line":11,"column":40}},"loc":{"start":{"line":11,"column":50},"end":{"line":18,"column":5}},"line":11},"3":{"name":"(anonymous_3)","decl":{"start":{"line":21,"column":44},"end":{"line":21,"column":45}},"loc":{"start":{"line":22,"column":4},"end":{"line":24,"column":9}},"line":22}},"branchMap":{},"s":{"0":0,"1":0,"2":0,"3":0,"4":0,"5":0,"6":0,"7":0,"8":5},"f":{"0":0,"1":0,"2":0,"3":0},"b":{},"_coverageSchema":"1a1c01bbd47fc00a2c39e90264f33305004495a9","hash":"a8c37b8e2afe4b141f488b0f51a537cf54512846"}
,"/Users/matt/alchemy/career-track/mixttape-front-end/src/components/searchResultSectionItem/SearchResultSectionItem.js": {"path":"/Users/matt/alchemy/career-track/mixttape-front-end/src/components/searchResultSectionItem/SearchResultSectionItem.js","statementMap":{"0":{"start":{"line":8,"column":19},"end":{"line":8,"column":32}},"1":{"start":{"line":9,"column":20},"end":{"line":11,"column":3}},"2":{"start":{"line":10,"column":4},"end":{"line":10,"column":28}},"3":{"start":{"line":12,"column":18},"end":{"line":16,"column":3}},"4":{"start":{"line":13,"column":14},"end":{"line":13,"column":48}},"5":{"start":{"line":14,"column":4},"end":{"line":14,"column":26}},"6":{"start":{"line":15,"column":4},"end":{"line":15,"column":21}},"7":{"start":{"line":17,"column":23},"end":{"line":17,"column":42}},"8":{"start":{"line":19,"column":2},"end":{"line":28,"column":4}},"9":{"start":{"line":31,"column":0},"end":{"line":38,"column":2}}},"fnMap":{"0":{"name":"SearchResultSectionItem","decl":{"start":{"line":7,"column":24},"end":{"line":7,"column":47}},"loc":{"start":{"line":7,"column":58},"end":{"line":29,"column":1}},"line":7},"1":{"name":"(anonymous_1)","decl":{"start":{"line":9,"column":20},"end":{"line":9,"column":21}},"loc":{"start":{"line":9,"column":26},"end":{"line":11,"column":3}},"line":9},"2":{"name":"(anonymous_2)","decl":{"start":{"line":12,"column":18},"end":{"line":12,"column":19}},"loc":{"start":{"line":12,"column":29},"end":{"line":16,"column":3}},"line":12}},"branchMap":{"0":{"loc":{"start":{"line":23,"column":9},"end":{"line":23,"column":85}},"type":"cond-expr","locations":[{"start":{"line":23,"column":36},"end":{"line":23,"column":70}},{"start":{"line":23,"column":73},"end":{"line":23,"column":85}}],"line":23}},"s":{"0":0,"1":0,"2":0,"3":0,"4":0,"5":0,"6":0,"7":0,"8":0,"9":7},"f":{"0":0,"1":0,"2":0},"b":{"0":[0,0]},"_coverageSchema":"1a1c01bbd47fc00a2c39e90264f33305004495a9","hash":"6958f1c29385f42231edd58ae12be4cbf1b3386e"}
,"/Users/matt/alchemy/career-track/mixttape-front-end/src/components/searchSongs/SearchSongs.js": {"path":"/Users/matt/alchemy/career-track/mixttape-front-end/src/components/searchSongs/SearchSongs.js","statementMap":{"0":{"start":{"line":8,"column":32},"end":{"line":8,"column":44}},"1":{"start":{"line":9,"column":40},"end":{"line":9,"column":52}},"2":{"start":{"line":12,"column":2},"end":{"line":17,"column":3}},"3":{"start":{"line":13,"column":4},"end":{"line":16,"column":6}},"4":{"start":{"line":19,"column":29},"end":{"line":26,"column":3}},"5":{"start":{"line":20,"column":4},"end":{"line":20,"column":27}},"6":{"start":{"line":21,"column":4},"end":{"line":21,"column":19}},"7":{"start":{"line":22,"column":4},"end":{"line":25,"column":9}},"8":{"start":{"line":24,"column":8},"end":{"line":24,"column":24}},"9":{"start":{"line":28,"column":23},"end":{"line":30,"column":3}},"10":{"start":{"line":29,"column":4},"end":{"line":29,"column":33}},"11":{"start":{"line":32,"column":2},"end":{"line":43,"column":4}}},"fnMap":{"0":{"name":"SearchSongs","decl":{"start":{"line":6,"column":24},"end":{"line":6,"column":35}},"loc":{"start":{"line":6,"column":38},"end":{"line":44,"column":1}},"line":6},"1":{"name":"(anonymous_1)","decl":{"start":{"line":19,"column":29},"end":{"line":19,"column":30}},"loc":{"start":{"line":19,"column":40},"end":{"line":26,"column":3}},"line":19},"2":{"name":"(anonymous_2)","decl":{"start":{"line":23,"column":12},"end":{"line":23,"column":13}},"loc":{"start":{"line":23,"column":19},"end":{"line":25,"column":7}},"line":23},"3":{"name":"(anonymous_3)","decl":{"start":{"line":28,"column":23},"end":{"line":28,"column":24}},"loc":{"start":{"line":28,"column":39},"end":{"line":30,"column":3}},"line":28}},"branchMap":{"0":{"loc":{"start":{"line":12,"column":2},"end":{"line":17,"column":3}},"type":"if","locations":[{"start":{"line":12,"column":2},"end":{"line":17,"column":3}},{"start":{"line":12,"column":2},"end":{"line":17,"column":3}}],"line":12},"1":{"loc":{"start":{"line":40,"column":9},"end":{"line":40,"column":88}},"type":"cond-expr","locations":[{"start":{"line":40,"column":25},"end":{"line":40,"column":38}},{"start":{"line":40,"column":41},"end":{"line":40,"column":88}}],"line":40}},"s":{"0":0,"1":0,"2":0,"3":0,"4":0,"5":0,"6":0,"7":0,"8":0,"9":0,"10":0,"11":0},"f":{"0":0,"1":0,"2":0,"3":0},"b":{"0":[0,0],"1":[0,0]},"_coverageSchema":"1a1c01bbd47fc00a2c39e90264f33305004495a9","hash":"5077cd675345757d65405274b608878174583742"}
,"/Users/matt/alchemy/career-track/mixttape-front-end/src/components/splash/Splash.js": {"path":"/Users/matt/alchemy/career-track/mixttape-front-end/src/components/splash/Splash.js","statementMap":{"0":{"start":{"line":8,"column":40},"end":{"line":8,"column":57}},"1":{"start":{"line":9,"column":22},"end":{"line":12,"column":3}},"2":{"start":{"line":10,"column":4},"end":{"line":10,"column":49}},"3":{"start":{"line":10,"column":25},"end":{"line":10,"column":49}},"4":{"start":{"line":11,"column":4},"end":{"line":11,"column":51}},"5":{"start":{"line":11,"column":26},"end":{"line":11,"column":51}},"6":{"start":{"line":14,"column":28},"end":{"line":17,"column":3}},"7":{"start":{"line":15,"column":4},"end":{"line":15,"column":70}},"8":{"start":{"line":15,"column":32},"end":{"line":15,"column":70}},"9":{"start":{"line":16,"column":4},"end":{"line":16,"column":72}},"10":{"start":{"line":16,"column":33},"end":{"line":16,"column":72}},"11":{"start":{"line":19,"column":2},"end":{"line":35,"column":4}}},"fnMap":{"0":{"name":"Splash","decl":{"start":{"line":6,"column":24},"end":{"line":6,"column":30}},"loc":{"start":{"line":6,"column":33},"end":{"line":36,"column":1}},"line":6},"1":{"name":"(anonymous_1)","decl":{"start":{"line":9,"column":22},"end":{"line":9,"column":23}},"loc":{"start":{"line":9,"column":32},"end":{"line":12,"column":3}},"line":9},"2":{"name":"(anonymous_2)","decl":{"start":{"line":14,"column":28},"end":{"line":14,"column":29}},"loc":{"start":{"line":14,"column":34},"end":{"line":17,"column":3}},"line":14}},"branchMap":{"0":{"loc":{"start":{"line":10,"column":4},"end":{"line":10,"column":49}},"type":"if","locations":[{"start":{"line":10,"column":4},"end":{"line":10,"column":49}},{"start":{"line":10,"column":4},"end":{"line":10,"column":49}}],"line":10},"1":{"loc":{"start":{"line":11,"column":4},"end":{"line":11,"column":51}},"type":"if","locations":[{"start":{"line":11,"column":4},"end":{"line":11,"column":51}},{"start":{"line":11,"column":4},"end":{"line":11,"column":51}}],"line":11},"2":{"loc":{"start":{"line":15,"column":4},"end":{"line":15,"column":70}},"type":"if","locations":[{"start":{"line":15,"column":4},"end":{"line":15,"column":70}},{"start":{"line":15,"column":4},"end":{"line":15,"column":70}}],"line":15},"3":{"loc":{"start":{"line":16,"column":4},"end":{"line":16,"column":72}},"type":"if","locations":[{"start":{"line":16,"column":4},"end":{"line":16,"column":72}},{"start":{"line":16,"column":4},"end":{"line":16,"column":72}}],"line":16}},"s":{"0":0,"1":0,"2":0,"3":0,"4":0,"5":0,"6":0,"7":0,"8":0,"9":0,"10":0,"11":0},"f":{"0":0,"1":0,"2":0},"b":{"0":[0,0],"1":[0,0],"2":[0,0],"3":[0,0]},"_coverageSchema":"1a1c01bbd47fc00a2c39e90264f33305004495a9","hash":"2276c2e9925c07b7be174b87e5dacad1084959c3"}
,"/Users/matt/alchemy/career-track/mixttape-front-end/src/components/tapeDetail/TapeDetail.js": {"path":"/Users/matt/alchemy/career-track/mixttape-front-end/src/components/tapeDetail/TapeDetail.js","statementMap":{"0":{"start":{"line":10,"column":17},"end":{"line":10,"column":28}},"1":{"start":{"line":11,"column":19},"end":{"line":11,"column":32}},"2":{"start":{"line":12,"column":18},"end":{"line":12,"column":41}},"3":{"start":{"line":13,"column":18},"end":{"line":13,"column":47}},"4":{"start":{"line":14,"column":24},"end":{"line":14,"column":53}},"5":{"start":{"line":15,"column":21},"end":{"line":15,"column":47}},"6":{"start":{"line":17,"column":21},"end":{"line":22,"column":3}},"7":{"start":{"line":18,"column":4},"end":{"line":18,"column":30}},"8":{"start":{"line":19,"column":4},"end":{"line":21,"column":5}},"9":{"start":{"line":20,"column":6},"end":{"line":20,"column":29}},"10":{"start":{"line":24,"column":2},"end":{"line":26,"column":9}},"11":{"start":{"line":25,"column":4},"end":{"line":25,"column":30}},"12":{"start":{"line":28,"column":2},"end":{"line":34,"column":3}},"13":{"start":{"line":29,"column":4},"end":{"line":33,"column":6}},"14":{"start":{"line":36,"column":2},"end":{"line":42,"column":3}},"15":{"start":{"line":37,"column":4},"end":{"line":41,"column":6}},"16":{"start":{"line":44,"column":16},"end":{"line":49,"column":4}},"17":{"start":{"line":45,"column":4},"end":{"line":48,"column":11}},"18":{"start":{"line":51,"column":2},"end":{"line":65,"column":4}}},"fnMap":{"0":{"name":"TapeDetail","decl":{"start":{"line":8,"column":24},"end":{"line":8,"column":34}},"loc":{"start":{"line":8,"column":37},"end":{"line":66,"column":1}},"line":8},"1":{"name":"(anonymous_1)","decl":{"start":{"line":17,"column":21},"end":{"line":17,"column":22}},"loc":{"start":{"line":17,"column":27},"end":{"line":22,"column":3}},"line":17},"2":{"name":"(anonymous_2)","decl":{"start":{"line":24,"column":12},"end":{"line":24,"column":13}},"loc":{"start":{"line":24,"column":18},"end":{"line":26,"column":3}},"line":24},"3":{"name":"(anonymous_3)","decl":{"start":{"line":44,"column":40},"end":{"line":44,"column":41}},"loc":{"start":{"line":44,"column":53},"end":{"line":49,"column":3}},"line":44}},"branchMap":{"0":{"loc":{"start":{"line":19,"column":4},"end":{"line":21,"column":5}},"type":"if","locations":[{"start":{"line":19,"column":4},"end":{"line":21,"column":5}},{"start":{"line":19,"column":4},"end":{"line":21,"column":5}}],"line":19},"1":{"loc":{"start":{"line":28,"column":2},"end":{"line":34,"column":3}},"type":"if","locations":[{"start":{"line":28,"column":2},"end":{"line":34,"column":3}},{"start":{"line":28,"column":2},"end":{"line":34,"column":3}}],"line":28},"2":{"loc":{"start":{"line":36,"column":2},"end":{"line":42,"column":3}},"type":"if","locations":[{"start":{"line":36,"column":2},"end":{"line":42,"column":3}},{"start":{"line":36,"column":2},"end":{"line":42,"column":3}}],"line":36}},"s":{"0":0,"1":0,"2":0,"3":0,"4":0,"5":0,"6":0,"7":0,"8":0,"9":0,"10":0,"11":0,"12":0,"13":0,"14":0,"15":0,"16":0,"17":0,"18":0},"f":{"0":0,"1":0,"2":0,"3":0},"b":{"0":[0,0],"1":[0,0],"2":[0,0]},"_coverageSchema":"1a1c01bbd47fc00a2c39e90264f33305004495a9","hash":"fb339fd179c48082edfd2db0c5025e3337e1a16e"}
,"/Users/matt/alchemy/career-track/mixttape-front-end/src/components/tapeList/TapeList.js": {"path":"/Users/matt/alchemy/career-track/mixttape-front-end/src/components/tapeList/TapeList.js","statementMap":{"0":{"start":{"line":10,"column":19},"end":{"line":10,"column":32}},"1":{"start":{"line":11,"column":24},"end":{"line":11,"column":52}},"2":{"start":{"line":12,"column":19},"end":{"line":12,"column":47}},"3":{"start":{"line":13,"column":22},"end":{"line":13,"column":49}},"4":{"start":{"line":15,"column":2},"end":{"line":17,"column":9}},"5":{"start":{"line":16,"column":4},"end":{"line":16,"column":27}},"6":{"start":{"line":19,"column":2},"end":{"line":25,"column":3}},"7":{"start":{"line":20,"column":4},"end":{"line":24,"column":6}},"8":{"start":{"line":27,"column":2},"end":{"line":29,"column":3}},"9":{"start":{"line":28,"column":4},"end":{"line":28,"column":31}},"10":{"start":{"line":31,"column":2},"end":{"line":38,"column":3}},"11":{"start":{"line":32,"column":4},"end":{"line":37,"column":6}},"12":{"start":{"line":40,"column":22},"end":{"line":44,"column":3}},"13":{"start":{"line":41,"column":4},"end":{"line":41,"column":49}},"14":{"start":{"line":42,"column":4},"end":{"line":42,"column":30}},"15":{"start":{"line":43,"column":4},"end":{"line":43,"column":33}},"16":{"start":{"line":46,"column":23},"end":{"line":48,"column":3}},"17":{"start":{"line":47,"column":4},"end":{"line":47,"column":33}},"18":{"start":{"line":50,"column":23},"end":{"line":71,"column":4}},"19":{"start":{"line":51,"column":4},"end":{"line":70,"column":6}},"20":{"start":{"line":57,"column":82},"end":{"line":57,"column":102}},"21":{"start":{"line":59,"column":84},"end":{"line":59,"column":109}},"22":{"start":{"line":63,"column":12},"end":{"line":66,"column":19}},"23":{"start":{"line":73,"column":2},"end":{"line":77,"column":4}}},"fnMap":{"0":{"name":"TapeList","decl":{"start":{"line":9,"column":24},"end":{"line":9,"column":32}},"loc":{"start":{"line":9,"column":35},"end":{"line":78,"column":1}},"line":9},"1":{"name":"(anonymous_1)","decl":{"start":{"line":15,"column":12},"end":{"line":15,"column":13}},"loc":{"start":{"line":15,"column":18},"end":{"line":17,"column":3}},"line":15},"2":{"name":"(anonymous_2)","decl":{"start":{"line":40,"column":22},"end":{"line":40,"column":23}},"loc":{"start":{"line":40,"column":42},"end":{"line":44,"column":3}},"line":40},"3":{"name":"(anonymous_3)","decl":{"start":{"line":46,"column":23},"end":{"line":46,"column":24}},"loc":{"start":{"line":46,"column":31},"end":{"line":48,"column":3}},"line":46},"4":{"name":"(anonymous_4)","decl":{"start":{"line":50,"column":36},"end":{"line":50,"column":37}},"loc":{"start":{"line":50,"column":52},"end":{"line":71,"column":3}},"line":50},"5":{"name":"(anonymous_5)","decl":{"start":{"line":57,"column":76},"end":{"line":57,"column":77}},"loc":{"start":{"line":57,"column":82},"end":{"line":57,"column":102}},"line":57},"6":{"name":"(anonymous_6)","decl":{"start":{"line":59,"column":78},"end":{"line":59,"column":79}},"loc":{"start":{"line":59,"column":84},"end":{"line":59,"column":109}},"line":59},"7":{"name":"(anonymous_7)","decl":{"start":{"line":62,"column":29},"end":{"line":62,"column":30}},"loc":{"start":{"line":62,"column":42},"end":{"line":67,"column":11}},"line":62}},"branchMap":{"0":{"loc":{"start":{"line":19,"column":2},"end":{"line":25,"column":3}},"type":"if","locations":[{"start":{"line":19,"column":2},"end":{"line":25,"column":3}},{"start":{"line":19,"column":2},"end":{"line":25,"column":3}}],"line":19},"1":{"loc":{"start":{"line":27,"column":2},"end":{"line":29,"column":3}},"type":"if","locations":[{"start":{"line":27,"column":2},"end":{"line":29,"column":3}},{"start":{"line":27,"column":2},"end":{"line":29,"column":3}}],"line":27},"2":{"loc":{"start":{"line":31,"column":2},"end":{"line":38,"column":3}},"type":"if","locations":[{"start":{"line":31,"column":2},"end":{"line":38,"column":3}},{"start":{"line":31,"column":2},"end":{"line":38,"column":3}}],"line":31},"3":{"loc":{"start":{"line":31,"column":5},"end":{"line":31,"column":39}},"type":"binary-expr","locations":[{"start":{"line":31,"column":5},"end":{"line":31,"column":14}},{"start":{"line":31,"column":18},"end":{"line":31,"column":39}}],"line":31}},"s":{"0":0,"1":0,"2":0,"3":0,"4":0,"5":0,"6":0,"7":0,"8":0,"9":0,"10":0,"11":0,"12":0,"13":0,"14":0,"15":0,"16":0,"17":0,"18":0,"19":0,"20":0,"21":0,"22":0,"23":0},"f":{"0":0,"1":0,"2":0,"3":0,"4":0,"5":0,"6":0,"7":0},"b":{"0":[0,0],"1":[0,0],"2":[0,0],"3":[0,0]},"_coverageSchema":"1a1c01bbd47fc00a2c39e90264f33305004495a9","hash":"4df4ecd9f30c15229fb0b7d04ad9d36d14d34f67"}
,"/Users/matt/alchemy/career-track/mixttape-front-end/src/reducers/activeMixtapeReducer.js": {"path":"/Users/matt/alchemy/career-track/mixttape-front-end/src/reducers/activeMixtapeReducer.js","statementMap":{"0":{"start":{"line":4,"column":21},"end":{"line":10,"column":1}},"1":{"start":{"line":12,"column":36},"end":{"line":31,"column":1}},"2":{"start":{"line":13,"column":2},"end":{"line":30,"column":3}},"3":{"start":{"line":15,"column":6},"end":{"line":15,"column":41}},"4":{"start":{"line":17,"column":6},"end":{"line":17,"column":42}},"5":{"start":{"line":19,"column":6},"end":{"line":19,"column":51}},"6":{"start":{"line":21,"column":6},"end":{"line":21,"column":60}},"7":{"start":{"line":23,"column":6},"end":{"line":23,"column":72}},"8":{"start":{"line":23,"column":36},"end":{"line":23,"column":72}},"9":{"start":{"line":24,"column":6},"end":{"line":24,"column":71}},"10":{"start":{"line":24,"column":36},"end":{"line":24,"column":71}},"11":{"start":{"line":25,"column":6},"end":{"line":25,"column":51}},"12":{"start":{"line":27,"column":6},"end":{"line":27,"column":49}},"13":{"start":{"line":29,"column":6},"end":{"line":29,"column":19}}},"fnMap":{"0":{"name":"(anonymous_0)","decl":{"start":{"line":12,"column":36},"end":{"line":12,"column":37}},"loc":{"start":{"line":12,"column":70},"end":{"line":31,"column":1}},"line":12}},"branchMap":{"0":{"loc":{"start":{"line":12,"column":37},"end":{"line":12,"column":57}},"type":"default-arg","locations":[{"start":{"line":12,"column":45},"end":{"line":12,"column":57}}],"line":12},"1":{"loc":{"start":{"line":13,"column":2},"end":{"line":30,"column":3}},"type":"switch","locations":[{"start":{"line":14,"column":4},"end":{"line":15,"column":41}},{"start":{"line":16,"column":4},"end":{"line":17,"column":42}},{"start":{"line":18,"column":4},"end":{"line":19,"column":51}},{"start":{"line":20,"column":4},"end":{"line":21,"column":60}},{"start":{"line":22,"column":4},"end":{"line":25,"column":51}},{"start":{"line":26,"column":4},"end":{"line":27,"column":49}},{"start":{"line":28,"column":4},"end":{"line":29,"column":19}}],"line":13},"2":{"loc":{"start":{"line":23,"column":6},"end":{"line":23,"column":72}},"type":"if","locations":[{"start":{"line":23,"column":6},"end":{"line":23,"column":72}},{"start":{"line":23,"column":6},"end":{"line":23,"column":72}}],"line":23},"3":{"loc":{"start":{"line":24,"column":6},"end":{"line":24,"column":71}},"type":"if","locations":[{"start":{"line":24,"column":6},"end":{"line":24,"column":71}},{"start":{"line":24,"column":6},"end":{"line":24,"column":71}}],"line":24}},"s":{"0":1,"1":1,"2":7,"3":1,"4":1,"5":1,"6":1,"7":2,"8":1,"9":1,"10":0,"11":1,"12":1,"13":0},"f":{"0":7},"b":{"0":[0],"1":[1,1,1,1,2,1,0],"2":[1,1],"3":[0,1]},"_coverageSchema":"1a1c01bbd47fc00a2c39e90264f33305004495a9","hash":"a94c1a42c421cbd02afbce94d5cf6f69c2d29170"}
,"/Users/matt/alchemy/career-track/mixttape-front-end/src/reducers/editedMixtapeReducer.js": {"path":"/Users/matt/alchemy/career-track/mixttape-front-end/src/reducers/editedMixtapeReducer.js","statementMap":{"0":{"start":{"line":3,"column":21},"end":{"line":8,"column":1}},"1":{"start":{"line":10,"column":36},"end":{"line":27,"column":1}},"2":{"start":{"line":11,"column":2},"end":{"line":26,"column":3}},"3":{"start":{"line":13,"column":6},"end":{"line":13,"column":41}},"4":{"start":{"line":15,"column":6},"end":{"line":15,"column":42}},"5":{"start":{"line":17,"column":6},"end":{"line":17,"column":67}},"6":{"start":{"line":19,"column":6},"end":{"line":19,"column":95}},"7":{"start":{"line":19,"column":59},"end":{"line":19,"column":91}},"8":{"start":{"line":21,"column":6},"end":{"line":21,"column":28}},"9":{"start":{"line":23,"column":6},"end":{"line":23,"column":26}},"10":{"start":{"line":25,"column":6},"end":{"line":25,"column":19}}},"fnMap":{"0":{"name":"(anonymous_0)","decl":{"start":{"line":10,"column":36},"end":{"line":10,"column":37}},"loc":{"start":{"line":10,"column":70},"end":{"line":27,"column":1}},"line":10},"1":{"name":"(anonymous_1)","decl":{"start":{"line":19,"column":51},"end":{"line":19,"column":52}},"loc":{"start":{"line":19,"column":59},"end":{"line":19,"column":91}},"line":19}},"branchMap":{"0":{"loc":{"start":{"line":10,"column":37},"end":{"line":10,"column":57}},"type":"default-arg","locations":[{"start":{"line":10,"column":45},"end":{"line":10,"column":57}}],"line":10},"1":{"loc":{"start":{"line":11,"column":2},"end":{"line":26,"column":3}},"type":"switch","locations":[{"start":{"line":12,"column":4},"end":{"line":13,"column":41}},{"start":{"line":14,"column":4},"end":{"line":15,"column":42}},{"start":{"line":16,"column":4},"end":{"line":17,"column":67}},{"start":{"line":18,"column":4},"end":{"line":19,"column":95}},{"start":{"line":20,"column":4},"end":{"line":21,"column":28}},{"start":{"line":22,"column":4},"end":{"line":23,"column":26}},{"start":{"line":24,"column":4},"end":{"line":25,"column":19}}],"line":11}},"s":{"0":1,"1":1,"2":7,"3":1,"4":1,"5":1,"6":1,"7":1,"8":1,"9":1,"10":1},"f":{"0":7,"1":1},"b":{"0":[0],"1":[1,1,1,1,1,1,1]},"_coverageSchema":"1a1c01bbd47fc00a2c39e90264f33305004495a9","hash":"93bb7e5fcce7be77d192683de7767fbf057419be"}
,"/Users/matt/alchemy/career-track/mixttape-front-end/src/reducers/userReducer.js": {"path":"/Users/matt/alchemy/career-track/mixttape-front-end/src/reducers/userReducer.js","statementMap":{"0":{"start":{"line":4,"column":21},"end":{"line":9,"column":1}},"1":{"start":{"line":11,"column":27},"end":{"line":35,"column":1}},"2":{"start":{"line":12,"column":2},"end":{"line":34,"column":3}},"3":{"start":{"line":14,"column":6},"end":{"line":14,"column":41}},"4":{"start":{"line":16,"column":6},"end":{"line":16,"column":42}},"5":{"start":{"line":18,"column":6},"end":{"line":18,"column":113}},"6":{"start":{"line":25,"column":6},"end":{"line":25,"column":73}},"7":{"start":{"line":27,"column":6},"end":{"line":27,"column":65}},"8":{"start":{"line":29,"column":6},"end":{"line":29,"column":61}},"9":{"start":{"line":31,"column":6},"end":{"line":31,"column":118}},"10":{"start":{"line":31,"column":68},"end":{"line":31,"column":98}},"11":{"start":{"line":33,"column":6},"end":{"line":33,"column":19}}},"fnMap":{"0":{"name":"(anonymous_0)","decl":{"start":{"line":11,"column":27},"end":{"line":11,"column":28}},"loc":{"start":{"line":11,"column":61},"end":{"line":35,"column":1}},"line":11},"1":{"name":"(anonymous_1)","decl":{"start":{"line":31,"column":57},"end":{"line":31,"column":58}},"loc":{"start":{"line":31,"column":68},"end":{"line":31,"column":98}},"line":31}},"branchMap":{"0":{"loc":{"start":{"line":11,"column":28},"end":{"line":11,"column":48}},"type":"default-arg","locations":[{"start":{"line":11,"column":36},"end":{"line":11,"column":48}}],"line":11},"1":{"loc":{"start":{"line":12,"column":2},"end":{"line":34,"column":3}},"type":"switch","locations":[{"start":{"line":13,"column":4},"end":{"line":14,"column":41}},{"start":{"line":15,"column":4},"end":{"line":16,"column":42}},{"start":{"line":17,"column":4},"end":{"line":18,"column":113}},{"start":{"line":19,"column":4},"end":{"line":25,"column":73}},{"start":{"line":26,"column":4},"end":{"line":27,"column":65}},{"start":{"line":28,"column":4},"end":{"line":29,"column":61}},{"start":{"line":30,"column":4},"end":{"line":31,"column":118}},{"start":{"line":32,"column":4},"end":{"line":33,"column":19}}],"line":12}},"s":{"0":1,"1":1,"2":8,"3":1,"4":1,"5":1,"6":2,"7":1,"8":1,"9":1,"10":2,"11":0},"f":{"0":8,"1":2},"b":{"0":[0],"1":[1,1,1,2,1,1,1,0]},"_coverageSchema":"1a1c01bbd47fc00a2c39e90264f33305004495a9","hash":"689d3e0c8b27117df472d730c36c8ad71f359fd3"}
,"/Users/matt/alchemy/career-track/mixttape-front-end/src/selectors/activeMixtapeSelectors.js": {"path":"/Users/matt/alchemy/career-track/mixttape-front-end/src/selectors/activeMixtapeSelectors.js","statementMap":{"0":{"start":{"line":1,"column":32},"end":{"line":1,"column":68}},"1":{"start":{"line":1,"column":41},"end":{"line":1,"column":68}},"2":{"start":{"line":3,"column":28},"end":{"line":5,"column":1}},"3":{"start":{"line":4,"column":2},"end":{"line":4,"column":46}},"4":{"start":{"line":7,"column":26},"end":{"line":9,"column":1}},"5":{"start":{"line":8,"column":2},"end":{"line":8,"column":37}},"6":{"start":{"line":11,"column":32},"end":{"line":13,"column":1}},"7":{"start":{"line":12,"column":2},"end":{"line":12,"column":37}},"8":{"start":{"line":15,"column":29},"end":{"line":17,"column":1}},"9":{"start":{"line":16,"column":2},"end":{"line":16,"column":35}}},"fnMap":{"0":{"name":"(anonymous_0)","decl":{"start":{"line":1,"column":32},"end":{"line":1,"column":33}},"loc":{"start":{"line":1,"column":41},"end":{"line":1,"column":68}},"line":1},"1":{"name":"(anonymous_1)","decl":{"start":{"line":3,"column":28},"end":{"line":3,"column":29}},"loc":{"start":{"line":3,"column":37},"end":{"line":5,"column":1}},"line":3},"2":{"name":"(anonymous_2)","decl":{"start":{"line":7,"column":26},"end":{"line":7,"column":27}},"loc":{"start":{"line":7,"column":35},"end":{"line":9,"column":1}},"line":7},"3":{"name":"(anonymous_3)","decl":{"start":{"line":11,"column":32},"end":{"line":11,"column":33}},"loc":{"start":{"line":11,"column":41},"end":{"line":13,"column":1}},"line":11},"4":{"name":"(anonymous_4)","decl":{"start":{"line":15,"column":29},"end":{"line":15,"column":30}},"loc":{"start":{"line":15,"column":38},"end":{"line":17,"column":1}},"line":15}},"branchMap":{},"s":{"0":5,"1":1,"2":5,"3":1,"4":5,"5":1,"6":5,"7":1,"8":5,"9":1},"f":{"0":1,"1":1,"2":1,"3":1,"4":1},"b":{},"_coverageSchema":"1a1c01bbd47fc00a2c39e90264f33305004495a9","hash":"40a3f61028a08f205808846de08f20945254e1e0"}
,"/Users/matt/alchemy/career-track/mixttape-front-end/src/selectors/editedMixtapeSelectors.js": {"path":"/Users/matt/alchemy/career-track/mixttape-front-end/src/selectors/editedMixtapeSelectors.js","statementMap":{"0":{"start":{"line":1,"column":36},"end":{"line":1,"column":68}},"1":{"start":{"line":1,"column":45},"end":{"line":1,"column":68}}},"fnMap":{"0":{"name":"(anonymous_0)","decl":{"start":{"line":1,"column":36},"end":{"line":1,"column":37}},"loc":{"start":{"line":1,"column":45},"end":{"line":1,"column":68}},"line":1}},"branchMap":{},"s":{"0":5,"1":1},"f":{"0":1},"b":{},"_coverageSchema":"1a1c01bbd47fc00a2c39e90264f33305004495a9","hash":"ecbc3512436f93a895aa18eececcc549596df284"}
,"/Users/matt/alchemy/career-track/mixttape-front-end/src/selectors/userSelectors.js": {"path":"/Users/matt/alchemy/career-track/mixttape-front-end/src/selectors/userSelectors.js","statementMap":{"0":{"start":{"line":1,"column":31},"end":{"line":1,"column":63}},"1":{"start":{"line":1,"column":40},"end":{"line":1,"column":63}},"2":{"start":{"line":2,"column":23},"end":{"line":2,"column":51}},"3":{"start":{"line":2,"column":32},"end":{"line":2,"column":51}},"4":{"start":{"line":3,"column":24},"end":{"line":3,"column":53}},"5":{"start":{"line":3,"column":33},"end":{"line":3,"column":53}},"6":{"start":{"line":4,"column":30},"end":{"line":4,"column":61}},"7":{"start":{"line":4,"column":39},"end":{"line":4,"column":61}},"8":{"start":{"line":5,"column":31},"end":{"line":5,"column":61}},"9":{"start":{"line":5,"column":40},"end":{"line":5,"column":61}}},"fnMap":{"0":{"name":"(anonymous_0)","decl":{"start":{"line":1,"column":31},"end":{"line":1,"column":32}},"loc":{"start":{"line":1,"column":40},"end":{"line":1,"column":63}},"line":1},"1":{"name":"(anonymous_1)","decl":{"start":{"line":2,"column":23},"end":{"line":2,"column":24}},"loc":{"start":{"line":2,"column":32},"end":{"line":2,"column":51}},"line":2},"2":{"name":"(anonymous_2)","decl":{"start":{"line":3,"column":24},"end":{"line":3,"column":25}},"loc":{"start":{"line":3,"column":33},"end":{"line":3,"column":53}},"line":3},"3":{"name":"(anonymous_3)","decl":{"start":{"line":4,"column":30},"end":{"line":4,"column":31}},"loc":{"start":{"line":4,"column":39},"end":{"line":4,"column":61}},"line":4},"4":{"name":"(anonymous_4)","decl":{"start":{"line":5,"column":31},"end":{"line":5,"column":32}},"loc":{"start":{"line":5,"column":40},"end":{"line":5,"column":61}},"line":5}},"branchMap":{},"s":{"0":11,"1":1,"2":11,"3":1,"4":11,"5":1,"6":11,"7":1,"8":11,"9":2},"f":{"0":1,"1":1,"2":1,"3":1,"4":2},"b":{},"_coverageSchema":"1a1c01bbd47fc00a2c39e90264f33305004495a9","hash":"e84c54093294e19c3a09370cf7976c363223428d"}
,"/Users/matt/alchemy/career-track/mixttape-front-end/src/services/auth.js": {"path":"/Users/matt/alchemy/career-track/mixttape-front-end/src/services/auth.js","statementMap":{"0":{"start":{"line":3,"column":22},"end":{"line":5,"column":1}},"1":{"start":{"line":4,"column":2},"end":{"line":4,"column":65}},"2":{"start":{"line":7,"column":21},"end":{"line":9,"column":1}},"3":{"start":{"line":8,"column":2},"end":{"line":8,"column":64}},"4":{"start":{"line":10,"column":22},"end":{"line":12,"column":1}},"5":{"start":{"line":11,"column":2},"end":{"line":11,"column":41}},"6":{"start":{"line":14,"column":22},"end":{"line":16,"column":1}},"7":{"start":{"line":15,"column":2},"end":{"line":15,"column":40}}},"fnMap":{"0":{"name":"(anonymous_0)","decl":{"start":{"line":3,"column":22},"end":{"line":3,"column":23}},"loc":{"start":{"line":3,"column":46},"end":{"line":5,"column":1}},"line":3},"1":{"name":"(anonymous_1)","decl":{"start":{"line":7,"column":21},"end":{"line":7,"column":22}},"loc":{"start":{"line":7,"column":45},"end":{"line":9,"column":1}},"line":7},"2":{"name":"(anonymous_2)","decl":{"start":{"line":10,"column":22},"end":{"line":10,"column":23}},"loc":{"start":{"line":10,"column":28},"end":{"line":12,"column":1}},"line":10},"3":{"name":"(anonymous_3)","decl":{"start":{"line":14,"column":22},"end":{"line":14,"column":23}},"loc":{"start":{"line":14,"column":28},"end":{"line":16,"column":1}},"line":14}},"branchMap":{},"s":{"0":10,"1":0,"2":10,"3":0,"4":10,"5":0,"6":10,"7":0},"f":{"0":0,"1":0,"2":0,"3":0},"b":{},"_coverageSchema":"1a1c01bbd47fc00a2c39e90264f33305004495a9","hash":"9a42679572072fd68ffa67ce3c2100ce0f233a69"}
,"/Users/matt/alchemy/career-track/mixttape-front-end/src/services/masterApiCall.js": {"path":"/Users/matt/alchemy/career-track/mixttape-front-end/src/services/masterApiCall.js","statementMap":{"0":{"start":{"line":5,"column":2},"end":{"line":10,"column":5}}},"fnMap":{"0":{"name":"masterApiCall","decl":{"start":{"line":4,"column":24},"end":{"line":4,"column":37}},"loc":{"start":{"line":4,"column":45},"end":{"line":11,"column":1}},"line":4}},"branchMap":{},"s":{"0":0},"f":{"0":0},"b":{},"_coverageSchema":"1a1c01bbd47fc00a2c39e90264f33305004495a9","hash":"f5a5a8fea4e51eb172a617e301ac00bd41a6549c"}
,"/Users/matt/alchemy/career-track/mixttape-front-end/src/services/mixtapeApi.js": {"path":"/Users/matt/alchemy/career-track/mixttape-front-end/src/services/mixtapeApi.js","statementMap":{"0":{"start":{"line":3,"column":24},"end":{"line":5,"column":1}},"1":{"start":{"line":4,"column":2},"end":{"line":4,"column":48}},"2":{"start":{"line":7,"column":25},"end":{"line":9,"column":1}},"3":{"start":{"line":8,"column":2},"end":{"line":8,"column":51}},"4":{"start":{"line":11,"column":26},"end":{"line":13,"column":1}},"5":{"start":{"line":12,"column":2},"end":{"line":12,"column":54}}},"fnMap":{"0":{"name":"(anonymous_0)","decl":{"start":{"line":3,"column":24},"end":{"line":3,"column":25}},"loc":{"start":{"line":3,"column":37},"end":{"line":5,"column":1}},"line":3},"1":{"name":"(anonymous_1)","decl":{"start":{"line":7,"column":25},"end":{"line":7,"column":26}},"loc":{"start":{"line":7,"column":40},"end":{"line":9,"column":1}},"line":7},"2":{"name":"(anonymous_2)","decl":{"start":{"line":11,"column":26},"end":{"line":11,"column":27}},"loc":{"start":{"line":11,"column":41},"end":{"line":13,"column":1}},"line":11}},"branchMap":{},"s":{"0":19,"1":0,"2":19,"3":0,"4":19,"5":0},"f":{"0":0,"1":0,"2":0},"b":{},"_coverageSchema":"1a1c01bbd47fc00a2c39e90264f33305004495a9","hash":"0ff1d01adb4730f20ea613dff2fd35121cc95dc7"}
,"/Users/matt/alchemy/career-track/mixttape-front-end/src/services/request.js": {"path":"/Users/matt/alchemy/career-track/mixttape-front-end/src/services/request.js","statementMap":{"0":{"start":{"line":1,"column":23},"end":{"line":15,"column":1}},"1":{"start":{"line":2,"column":2},"end":{"line":14,"column":7}},"2":{"start":{"line":10,"column":17},"end":{"line":10,"column":50}},"3":{"start":{"line":12,"column":6},"end":{"line":12,"column":25}},"4":{"start":{"line":12,"column":14},"end":{"line":12,"column":25}},"5":{"start":{"line":13,"column":6},"end":{"line":13,"column":18}}},"fnMap":{"0":{"name":"(anonymous_0)","decl":{"start":{"line":1,"column":23},"end":{"line":1,"column":24}},"loc":{"start":{"line":1,"column":47},"end":{"line":15,"column":1}},"line":1},"1":{"name":"(anonymous_1)","decl":{"start":{"line":10,"column":10},"end":{"line":10,"column":11}},"loc":{"start":{"line":10,"column":17},"end":{"line":10,"column":50}},"line":10},"2":{"name":"(anonymous_2)","decl":{"start":{"line":11,"column":10},"end":{"line":11,"column":11}},"loc":{"start":{"line":11,"column":26},"end":{"line":14,"column":5}},"line":11}},"branchMap":{"0":{"loc":{"start":{"line":8,"column":10},"end":{"line":8,"column":38}},"type":"binary-expr","locations":[{"start":{"line":8,"column":10},"end":{"line":8,"column":14}},{"start":{"line":8,"column":18},"end":{"line":8,"column":38}}],"line":8},"1":{"loc":{"start":{"line":12,"column":6},"end":{"line":12,"column":25}},"type":"if","locations":[{"start":{"line":12,"column":6},"end":{"line":12,"column":25}},{"start":{"line":12,"column":6},"end":{"line":12,"column":25}}],"line":12}},"s":{"0":21,"1":0,"2":0,"3":0,"4":0,"5":0},"f":{"0":0,"1":0,"2":0},"b":{"0":[0,0],"1":[0,0]},"_coverageSchema":"1a1c01bbd47fc00a2c39e90264f33305004495a9","hash":"3b71fd6d544f5fe5f1865c496a432d97eabce3da"}
,"/Users/matt/alchemy/career-track/mixttape-front-end/src/services/soundcloud.js": {"path":"/Users/matt/alchemy/career-track/mixttape-front-end/src/services/soundcloud.js","statementMap":{"0":{"start":{"line":2,"column":2},"end":{"line":10,"column":7}},"1":{"start":{"line":3,"column":17},"end":{"line":3,"column":50}},"2":{"start":{"line":5,"column":6},"end":{"line":5,"column":25}},"3":{"start":{"line":5,"column":14},"end":{"line":5,"column":25}},"4":{"start":{"line":6,"column":6},"end":{"line":9,"column":8}}},"fnMap":{"0":{"name":"soundcloudApi","decl":{"start":{"line":1,"column":24},"end":{"line":1,"column":37}},"loc":{"start":{"line":1,"column":45},"end":{"line":11,"column":1}},"line":1},"1":{"name":"(anonymous_1)","decl":{"start":{"line":3,"column":10},"end":{"line":3,"column":11}},"loc":{"start":{"line":3,"column":17},"end":{"line":3,"column":50}},"line":3},"2":{"name":"(anonymous_2)","decl":{"start":{"line":4,"column":10},"end":{"line":4,"column":11}},"loc":{"start":{"line":4,"column":26},"end":{"line":10,"column":5}},"line":4}},"branchMap":{"0":{"loc":{"start":{"line":5,"column":6},"end":{"line":5,"column":25}},"type":"if","locations":[{"start":{"line":5,"column":6},"end":{"line":5,"column":25}},{"start":{"line":5,"column":6},"end":{"line":5,"column":25}}],"line":5}},"s":{"0":0,"1":0,"2":0,"3":0,"4":0},"f":{"0":0,"1":0,"2":0},"b":{"0":[0,0]},"_coverageSchema":"1a1c01bbd47fc00a2c39e90264f33305004495a9","hash":"52fc67f629879e8c03f5b2c1ff72e42e56ffa767"}
,"/Users/matt/alchemy/career-track/mixttape-front-end/src/services/youtube.js": {"path":"/Users/matt/alchemy/career-track/mixttape-front-end/src/services/youtube.js","statementMap":{"0":{"start":{"line":2,"column":2},"end":{"line":7,"column":7}},"1":{"start":{"line":3,"column":17},"end":{"line":3,"column":50}},"2":{"start":{"line":5,"column":6},"end":{"line":5,"column":25}},"3":{"start":{"line":5,"column":14},"end":{"line":5,"column":25}},"4":{"start":{"line":6,"column":6},"end":{"line":6,"column":18}}},"fnMap":{"0":{"name":"youtubeApi","decl":{"start":{"line":1,"column":24},"end":{"line":1,"column":34}},"loc":{"start":{"line":1,"column":42},"end":{"line":8,"column":1}},"line":1},"1":{"name":"(anonymous_1)","decl":{"start":{"line":3,"column":10},"end":{"line":3,"column":11}},"loc":{"start":{"line":3,"column":17},"end":{"line":3,"column":50}},"line":3},"2":{"name":"(anonymous_2)","decl":{"start":{"line":4,"column":10},"end":{"line":4,"column":11}},"loc":{"start":{"line":4,"column":26},"end":{"line":7,"column":5}},"line":4}},"branchMap":{"0":{"loc":{"start":{"line":5,"column":6},"end":{"line":5,"column":25}},"type":"if","locations":[{"start":{"line":5,"column":6},"end":{"line":5,"column":25}},{"start":{"line":5,"column":6},"end":{"line":5,"column":25}}],"line":5}},"s":{"0":0,"1":0,"2":0,"3":0,"4":0},"f":{"0":0,"1":0,"2":0},"b":{"0":[0,0]},"_coverageSchema":"1a1c01bbd47fc00a2c39e90264f33305004495a9","hash":"0e1e5c06dcd589eebd6215e9c8edcfbc850b9cb5"}
}
