TN:
SF:src/actions/activeMixtapeActions.js
FN:5,(anonymous_0)
FN:5,(anonymous_1)
FN:8,(anonymous_2)
FN:12,(anonymous_3)
FN:13,(anonymous_4)
FN:19,(anonymous_5)
FN:25,(anonymous_6)
FN:31,(anonymous_7)
FN:37,(anonymous_8)
FN:40,(anonymous_9)
FNF:10
FNH:9
FNDA:1,(anonymous_0)
FNDA:1,(anonymous_1)
FNDA:1,(anonymous_2)
FNDA:1,(anonymous_3)
FNDA:0,(anonymous_4)
FNDA:1,(anonymous_5)
FNDA:2,(anonymous_6)
FNDA:3,(anonymous_7)
FNDA:2,(anonymous_8)
FNDA:2,(anonymous_9)
DA:3,7
DA:4,7
DA:5,7
DA:6,1
DA:7,1
DA:8,1
DA:12,1
DA:13,0
DA:19,7
DA:24,7
DA:25,7
DA:30,7
DA:31,7
DA:36,7
DA:37,7
DA:39,7
DA:40,7
LF:17
LH:16
BRF:0
BRH:0
end_of_record
TN:
SF:src/actions/editedMixtapeActions.js
FN:4,(anonymous_0)
FN:11,(anonymous_1)
FN:17,(anonymous_2)
FN:22,(anonymous_3)
FN:27,(anonymous_4)
FN:27,(anonymous_5)
FN:30,(anonymous_6)
FN:37,(anonymous_7)
FNF:8
FNH:8
FNDA:2,(anonymous_0)
FNDA:2,(anonymous_1)
FNDA:2,(anonymous_2)
FNDA:1,(anonymous_3)
FNDA:1,(anonymous_4)
FNDA:1,(anonymous_5)
FNDA:1,(anonymous_6)
FNDA:2,(anonymous_7)
DA:3,15
DA:4,15
DA:10,15
DA:11,15
DA:16,15
DA:17,15
DA:18,2
DA:21,15
DA:22,15
DA:23,1
DA:26,15
DA:27,15
DA:28,1
DA:29,1
DA:30,1
DA:36,15
DA:37,15
LF:17
LH:17
BRF:0
BRH:0
end_of_record
TN:
SF:src/actions/userActions.js
FN:5,(anonymous_0)
FN:10,(anonymous_1)
FN:17,(anonymous_2)
FN:17,(anonymous_3)
FN:20,(anonymous_4)
FN:25,(anonymous_5)
FN:37,(anonymous_6)
FN:37,(anonymous_7)
FN:40,(anonymous_8)
FN:45,(anonymous_9)
FN:55,(anonymous_10)
FN:55,(anonymous_11)
FN:58,(anonymous_12)
FN:72,(anonymous_13)
FN:72,(anonymous_14)
FN:75,(anonymous_15)
FN:85,(anonymous_16)
FN:85,(anonymous_17)
FN:88,(anonymous_18)
FNF:19
FNH:14
FNDA:6,(anonymous_0)
FNDA:1,(anonymous_1)
FNDA:1,(anonymous_2)
FNDA:1,(anonymous_3)
FNDA:1,(anonymous_4)
FNDA:0,(anonymous_5)
FNDA:1,(anonymous_6)
FNDA:1,(anonymous_7)
FNDA:1,(anonymous_8)
FNDA:0,(anonymous_9)
FNDA:0,(anonymous_10)
FNDA:0,(anonymous_11)
FNDA:0,(anonymous_12)
FNDA:1,(anonymous_13)
FNDA:1,(anonymous_14)
FNDA:1,(anonymous_15)
FNDA:2,(anonymous_16)
FNDA:2,(anonymous_17)
FNDA:2,(anonymous_18)
DA:4,9
DA:5,9
DA:9,9
DA:10,9
DA:14,9
DA:15,9
DA:17,9
DA:18,1
DA:19,1
DA:21,1
DA:26,0
DA:27,0
DA:37,9
DA:38,1
DA:39,1
DA:41,1
DA:46,0
DA:47,0
DA:55,9
DA:56,0
DA:57,0
DA:59,0
DA:63,0
DA:70,9
DA:72,9
DA:73,1
DA:74,1
DA:76,1
DA:83,9
DA:85,9
DA:86,2
DA:87,2
DA:89,2
LF:33
LH:25
BRDA:26,0,0,0
BRDA:26,0,1,0
BRDA:46,1,0,0
BRDA:46,1,1,0
BRF:4
BRH:0
end_of_record
TN:
SF:src/components/App.js
FN:7,App
FNF:1
FNH:1
FNDA:1,App
DA:8,1
LF:1
LH:1
BRF:0
BRH:0
end_of_record
TN:
SF:src/components/aboutUs/AboutUs.js
FN:5,AboutUs
FNF:1
FNH:1
FNDA:1,AboutUs
DA:7,1
LF:1
LH:1
BRF:0
BRH:0
end_of_record
TN:
SF:src/components/create/Create.js
FN:10,Create
FN:16,(anonymous_1)
FNF:2
FNH:0
FNDA:0,Create
FNDA:0,(anonymous_1)
DA:11,0
DA:12,0
DA:13,0
DA:16,0
DA:17,0
DA:20,0
DA:21,0
DA:28,0
DA:29,0
DA:31,0
LF:10
LH:0
BRDA:20,0,0,0
BRDA:20,0,1,0
BRDA:28,1,0,0
BRDA:28,1,1,0
BRF:4
BRH:0
end_of_record
TN:
SF:src/components/editTape/EditTape.js
FN:9,EditTape
FN:19,(anonymous_1)
FN:29,(anonymous_2)
FN:36,(anonymous_3)
FN:47,(anonymous_4)
FNF:5
FNH:0
FNDA:0,EditTape
FNDA:0,(anonymous_1)
FNDA:0,(anonymous_2)
FNDA:0,(anonymous_3)
FNDA:0,(anonymous_4)
DA:10,0
DA:11,0
DA:12,0
DA:13,0
DA:14,0
DA:15,0
DA:16,0
DA:18,0
DA:19,0
DA:20,0
DA:21,0
DA:23,0
DA:28,0
DA:29,0
DA:30,0
DA:36,0
DA:37,0
DA:38,0
DA:40,0
DA:41,0
DA:42,0
DA:43,0
DA:47,0
DA:48,0
DA:49,0
DA:52,0
LF:26
LH:0
BRDA:20,0,0,0
BRDA:20,0,1,0
BRDA:28,1,0,0
BRDA:28,1,1,0
BRDA:37,2,0,0
BRDA:37,2,1,0
BRDA:55,3,0,0
BRDA:55,3,1,0
BRDA:57,4,0,0
BRDA:57,4,1,0
BRF:10
BRH:0
end_of_record
TN:
SF:src/components/header/Header.js
FN:4,Header
FNF:1
FNH:0
FNDA:0,Header
DA:6,0
LF:1
LH:0
BRF:0
BRH:0
end_of_record
TN:
SF:src/components/loginSignUp/Login.js
FN:8,Login
FN:17,(anonymous_1)
FN:21,(anonymous_2)
FN:25,(anonymous_3)
FN:42,(anonymous_4)
FNF:5
FNH:0
FNDA:0,Login
FNDA:0,(anonymous_1)
FNDA:0,(anonymous_2)
FNDA:0,(anonymous_3)
FNDA:0,(anonymous_4)
DA:9,0
DA:10,0
DA:11,0
DA:12,0
DA:13,0
DA:14,0
DA:15,0
DA:17,0
DA:18,0
DA:21,0
DA:22,0
DA:25,0
DA:26,0
DA:27,0
DA:30,0
DA:31,0
DA:34,0
DA:42,0
DA:46,3
LF:19
LH:1
BRDA:30,0,0,0
BRDA:30,0,1,0
BRDA:30,1,0,0
BRDA:30,1,1,0
BRDA:36,2,0,0
BRDA:36,2,1,0
BRF:6
BRH:0
end_of_record
TN:
SF:src/components/loginSignUp/SignUp.js
FN:8,SignUp
FN:16,(anonymous_1)
FN:20,(anonymous_2)
FN:24,(anonymous_3)
FN:42,(anonymous_4)
FNF:5
FNH:0
FNDA:0,SignUp
FNDA:0,(anonymous_1)
FNDA:0,(anonymous_2)
FNDA:0,(anonymous_3)
FNDA:0,(anonymous_4)
DA:9,0
DA:10,0
DA:11,0
DA:12,0
DA:13,0
DA:14,0
DA:16,0
DA:17,0
DA:20,0
DA:21,0
DA:24,0
DA:25,0
DA:26,0
DA:27,0
DA:30,0
DA:31,0
DA:34,0
DA:42,0
DA:46,3
LF:19
LH:1
BRDA:30,0,0,0
BRDA:30,0,1,0
BRDA:36,1,0,0
BRDA:36,1,1,0
BRF:4
BRH:0
end_of_record
TN:
SF:src/components/mediaRecorder/MediaRecorder.js
FN:5,(anonymous_0)
FN:14,(anonymous_1)
FN:16,(anonymous_2)
FN:21,(anonymous_3)
FN:23,(anonymous_4)
FN:26,(anonymous_5)
FN:29,(anonymous_6)
FN:39,(anonymous_7)
FN:49,(anonymous_8)
FN:52,(anonymous_9)
FN:59,(anonymous_10)
FN:64,(anonymous_11)
FN:72,(anonymous_12)
FN:75,(anonymous_13)
FN:89,(anonymous_14)
FN:105,(anonymous_15)
FNF:16
FNH:0
FNDA:0,(anonymous_0)
FNDA:0,(anonymous_1)
FNDA:0,(anonymous_2)
FNDA:0,(anonymous_3)
FNDA:0,(anonymous_4)
FNDA:0,(anonymous_5)
FNDA:0,(anonymous_6)
FNDA:0,(anonymous_7)
FNDA:0,(anonymous_8)
FNDA:0,(anonymous_9)
FNDA:0,(anonymous_10)
FNDA:0,(anonymous_11)
FNDA:0,(anonymous_12)
FNDA:0,(anonymous_13)
FNDA:0,(anonymous_14)
FNDA:0,(anonymous_15)
DA:5,4
DA:6,0
DA:7,0
DA:8,0
DA:9,0
DA:10,0
DA:11,0
DA:12,0
DA:14,0
DA:15,0
DA:16,0
DA:17,0
DA:21,0
DA:22,0
DA:24,0
DA:25,0
DA:26,0
DA:27,0
DA:29,0
DA:30,0
DA:31,0
DA:32,0
DA:33,0
DA:35,0
DA:39,0
DA:40,0
DA:41,0
DA:43,0
DA:44,0
DA:45,0
DA:46,0
DA:49,0
DA:50,0
DA:51,0
DA:52,0
DA:53,0
DA:54,0
DA:59,0
DA:60,0
DA:61,0
DA:64,0
DA:65,0
DA:66,0
DA:67,0
DA:68,0
DA:69,0
DA:73,0
DA:74,0
DA:76,0
DA:84,0
DA:85,0
DA:89,0
DA:90,0
DA:91,0
DA:92,0
DA:95,0
DA:105,0
LF:57
LH:1
BRDA:40,0,0,0
BRDA:40,0,1,0
BRDA:53,1,0,0
BRDA:53,1,1,0
BRDA:97,2,0,0
BRDA:97,2,1,0
BRDA:97,2,2,0
BRDA:100,3,0,0
BRDA:100,3,1,0
BRDA:100,3,2,0
BRDA:103,4,0,0
BRDA:103,4,1,0
BRDA:103,4,2,0
BRDA:110,5,0,0
BRDA:110,5,1,0
BRDA:110,5,2,0
BRF:16
BRH:0
end_of_record
TN:
SF:src/components/mixt/Mixt.js
FN:10,Mixt
FNF:1
FNH:0
FNDA:0,Mixt
DA:12,0
LF:1
LH:0
BRF:0
BRH:0
end_of_record
TN:
SF:src/components/mixtapeSong/MixtapeSong.js
FN:7,mixtapeSong
FN:9,(anonymous_1)
FN:16,(anonymous_2)
FNF:3
FNH:0
FNDA:0,mixtapeSong
FNDA:0,(anonymous_1)
FNDA:0,(anonymous_2)
DA:8,0
DA:9,0
DA:10,0
DA:11,0
DA:12,0
DA:16,0
DA:20,0
DA:31,5
LF:8
LH:1
BRDA:11,0,0,0
BRDA:11,0,1,0
BRF:2
BRH:0
end_of_record
TN:
SF:src/components/nav/Nav.js
FN:6,Nav
FN:10,(anonymous_1)
FNF:2
FNH:0
FNDA:0,Nav
FNDA:0,(anonymous_1)
DA:8,0
DA:10,0
DA:11,0
DA:15,0
DA:16,0
DA:26,0
LF:6
LH:0
BRDA:15,0,0,0
BRDA:15,0,1,0
BRF:2
BRH:0
end_of_record
TN:
SF:src/components/player/Player.js
FN:8,Player
FN:17,(anonymous_1)
FN:24,(anonymous_2)
FN:36,(anonymous_3)
FN:40,(anonymous_4)
FN:49,(anonymous_5)
FN:53,(anonymous_6)
FN:71,(anonymous_7)
FN:72,(anonymous_8)
FN:76,(anonymous_9)
FNF:10
FNH:0
FNDA:0,Player
FNDA:0,(anonymous_1)
FNDA:0,(anonymous_2)
FNDA:0,(anonymous_3)
FNDA:0,(anonymous_4)
FNDA:0,(anonymous_5)
FNDA:0,(anonymous_6)
FNDA:0,(anonymous_7)
FNDA:0,(anonymous_8)
FNDA:0,(anonymous_9)
DA:9,0
DA:10,0
DA:11,0
DA:12,0
DA:14,0
DA:15,0
DA:16,0
DA:17,0
DA:18,0
DA:19,0
DA:20,0
DA:24,0
DA:25,0
DA:26,0
DA:28,0
DA:29,0
DA:31,0
DA:32,0
DA:36,0
DA:37,0
DA:40,0
DA:41,0
DA:42,0
DA:43,0
DA:44,0
DA:46,0
DA:49,0
DA:50,0
DA:53,0
DA:54,0
DA:55,0
DA:59,0
DA:71,0
DA:72,0
DA:76,0
LF:35
LH:0
BRDA:18,0,0,0
BRDA:18,0,1,0
BRDA:25,1,0,0
BRDA:25,1,1,0
BRDA:28,2,0,0
BRDA:28,2,1,0
BRDA:31,3,0,0
BRDA:31,3,1,0
BRDA:41,4,0,0
BRDA:41,4,1,0
BRDA:54,5,0,0
BRDA:54,5,1,0
BRDA:68,6,0,0
BRDA:68,6,1,0
BRDA:71,7,0,0
BRDA:71,7,1,0
BRF:16
BRH:0
end_of_record
TN:
SF:src/components/player/ReactPlayer.js
FN:5,(anonymous_0)
FNF:1
FNH:0
FNDA:0,(anonymous_0)
DA:5,4
DA:7,0
DA:12,4
LF:3
LH:2
BRF:0
BRH:0
end_of_record
TN:
SF:src/components/searchResultSection/SoundcloudSearchResultSection.js
FN:5,SoundcloudSearchResultSection
FN:11,(anonymous_1)
FN:12,(anonymous_2)
FN:22,(anonymous_3)
FNF:4
FNH:0
FNDA:0,SoundcloudSearchResultSection
FNDA:0,(anonymous_1)
FNDA:0,(anonymous_2)
FNDA:0,(anonymous_3)
DA:6,0
DA:8,0
DA:9,0
DA:11,0
DA:12,0
DA:22,0
DA:23,0
DA:28,0
DA:38,5
LF:9
LH:1
BRF:0
BRH:0
end_of_record
TN:
SF:src/components/searchResultSection/YoutubeSearchResultSection.js
FN:5,YoutubeSearchResultSection
FN:10,(anonymous_1)
FN:11,(anonymous_2)
FN:21,(anonymous_3)
FNF:4
FNH:0
FNDA:0,YoutubeSearchResultSection
FNDA:0,(anonymous_1)
FNDA:0,(anonymous_2)
FNDA:0,(anonymous_3)
DA:6,0
DA:8,0
DA:10,0
DA:11,0
DA:21,0
DA:22,0
DA:27,0
DA:37,5
LF:8
LH:1
BRF:0
BRH:0
end_of_record
TN:
SF:src/components/searchResultSectionItem/SearchResultSectionItem.js
FN:7,SearchResultSectionItem
FN:9,(anonymous_1)
FN:12,(anonymous_2)
FNF:3
FNH:0
FNDA:0,SearchResultSectionItem
FNDA:0,(anonymous_1)
FNDA:0,(anonymous_2)
DA:8,0
DA:9,0
DA:10,0
DA:12,0
DA:13,0
DA:14,0
DA:15,0
DA:17,0
DA:19,0
DA:31,7
LF:10
LH:1
BRDA:23,0,0,0
BRDA:23,0,1,0
BRF:2
BRH:0
end_of_record
TN:
SF:src/components/searchSongs/SearchSongs.js
FN:6,SearchSongs
FN:19,(anonymous_1)
FN:23,(anonymous_2)
FN:28,(anonymous_3)
FNF:4
FNH:0
FNDA:0,SearchSongs
FNDA:0,(anonymous_1)
FNDA:0,(anonymous_2)
FNDA:0,(anonymous_3)
DA:8,0
DA:9,0
DA:12,0
DA:13,0
DA:19,0
DA:20,0
DA:21,0
DA:22,0
DA:24,0
DA:28,0
DA:29,0
DA:32,0
LF:12
LH:0
BRDA:12,0,0,0
BRDA:12,0,1,0
BRDA:40,1,0,0
BRDA:40,1,1,0
BRF:4
BRH:0
end_of_record
TN:
SF:src/components/splash/Splash.js
FN:6,Splash
FN:9,(anonymous_1)
FN:14,(anonymous_2)
FNF:3
FNH:0
FNDA:0,Splash
FNDA:0,(anonymous_1)
FNDA:0,(anonymous_2)
DA:8,0
DA:9,0
DA:10,0
DA:11,0
DA:14,0
DA:15,0
DA:16,0
DA:19,0
LF:8
LH:0
BRDA:10,0,0,0
BRDA:10,0,1,0
BRDA:11,1,0,0
BRDA:11,1,1,0
BRDA:15,2,0,0
BRDA:15,2,1,0
BRDA:16,3,0,0
BRDA:16,3,1,0
BRF:8
BRH:0
end_of_record
TN:
SF:src/components/tapeDetail/TapeDetail.js
FN:8,TapeDetail
FN:17,(anonymous_1)
FN:24,(anonymous_2)
FN:44,(anonymous_3)
FNF:4
FNH:0
FNDA:0,TapeDetail
FNDA:0,(anonymous_1)
FNDA:0,(anonymous_2)
FNDA:0,(anonymous_3)
DA:10,0
DA:11,0
DA:12,0
DA:13,0
DA:14,0
DA:15,0
DA:17,0
DA:18,0
DA:19,0
DA:20,0
DA:24,0
DA:25,0
DA:28,0
DA:29,0
DA:36,0
DA:37,0
DA:44,0
DA:45,0
DA:51,0
LF:19
LH:0
BRDA:19,0,0,0
BRDA:19,0,1,0
BRDA:28,1,0,0
BRDA:28,1,1,0
BRDA:36,2,0,0
BRDA:36,2,1,0
BRF:6
BRH:0
end_of_record
TN:
SF:src/components/tapeList/TapeList.js
FN:9,TapeList
FN:15,(anonymous_1)
FN:40,(anonymous_2)
FN:46,(anonymous_3)
FN:50,(anonymous_4)
FN:57,(anonymous_5)
FN:59,(anonymous_6)
FN:62,(anonymous_7)
FNF:8
FNH:0
FNDA:0,TapeList
FNDA:0,(anonymous_1)
FNDA:0,(anonymous_2)
FNDA:0,(anonymous_3)
FNDA:0,(anonymous_4)
FNDA:0,(anonymous_5)
FNDA:0,(anonymous_6)
FNDA:0,(anonymous_7)
DA:10,0
DA:11,0
DA:12,0
DA:13,0
DA:15,0
DA:16,0
DA:19,0
DA:20,0
DA:27,0
DA:28,0
DA:31,0
DA:32,0
DA:40,0
DA:41,0
DA:42,0
DA:43,0
DA:46,0
DA:47,0
DA:50,0
DA:51,0
DA:57,0
DA:59,0
DA:63,0
DA:73,0
LF:24
LH:0
BRDA:19,0,0,0
BRDA:19,0,1,0
BRDA:27,1,0,0
BRDA:27,1,1,0
BRDA:31,2,0,0
BRDA:31,2,1,0
BRDA:31,3,0,0
BRDA:31,3,1,0
BRF:8
BRH:0
end_of_record
TN:
SF:src/reducers/activeMixtapeReducer.js
FN:12,(anonymous_0)
FNF:1
FNH:1
FNDA:7,(anonymous_0)
DA:4,1
DA:12,1
DA:13,7
DA:15,1
DA:17,1
DA:19,1
DA:21,1
DA:23,2
DA:24,1
DA:25,1
DA:27,1
DA:29,0
LF:12
LH:11
BRDA:12,0,0,0
BRDA:13,1,0,1
BRDA:13,1,1,1
BRDA:13,1,2,1
BRDA:13,1,3,1
BRDA:13,1,4,2
BRDA:13,1,5,1
BRDA:13,1,6,0
BRDA:23,2,0,1
BRDA:23,2,1,1
BRDA:24,3,0,0
BRDA:24,3,1,1
BRF:12
BRH:9
end_of_record
TN:
SF:src/reducers/editedMixtapeReducer.js
FN:10,(anonymous_0)
FN:19,(anonymous_1)
FNF:2
FNH:2
FNDA:7,(anonymous_0)
FNDA:1,(anonymous_1)
DA:3,1
DA:10,1
DA:11,7
DA:13,1
DA:15,1
DA:17,1
DA:19,1
DA:21,1
DA:23,1
DA:25,1
LF:10
LH:10
BRDA:10,0,0,0
BRDA:11,1,0,1
BRDA:11,1,1,1
BRDA:11,1,2,1
BRDA:11,1,3,1
BRDA:11,1,4,1
BRDA:11,1,5,1
BRDA:11,1,6,1
BRF:8
BRH:7
end_of_record
TN:
SF:src/reducers/userReducer.js
FN:11,(anonymous_0)
FN:31,(anonymous_1)
FNF:2
FNH:2
FNDA:8,(anonymous_0)
FNDA:2,(anonymous_1)
DA:4,1
DA:11,1
DA:12,8
DA:14,1
DA:16,1
DA:18,1
DA:25,2
DA:27,1
DA:29,1
DA:31,2
DA:33,0
LF:11
LH:10
BRDA:11,0,0,0
BRDA:12,1,0,1
BRDA:12,1,1,1
BRDA:12,1,2,1
BRDA:12,1,3,2
BRDA:12,1,4,1
BRDA:12,1,5,1
BRDA:12,1,6,1
BRDA:12,1,7,0
BRF:9
BRH:7
end_of_record
TN:
SF:src/selectors/activeMixtapeSelectors.js
FN:1,(anonymous_0)
FN:3,(anonymous_1)
FN:7,(anonymous_2)
FN:11,(anonymous_3)
FN:15,(anonymous_4)
FNF:5
FNH:5
FNDA:1,(anonymous_0)
FNDA:1,(anonymous_1)
FNDA:1,(anonymous_2)
FNDA:1,(anonymous_3)
FNDA:1,(anonymous_4)
DA:1,5
DA:3,5
DA:4,1
DA:7,5
DA:8,1
DA:11,5
DA:12,1
DA:15,5
DA:16,1
LF:9
LH:9
BRF:0
BRH:0
end_of_record
TN:
SF:src/selectors/editedMixtapeSelectors.js
FN:1,(anonymous_0)
FNF:1
FNH:1
FNDA:1,(anonymous_0)
DA:1,5
LF:1
LH:1
BRF:0
BRH:0
end_of_record
TN:
SF:src/selectors/userSelectors.js
FN:1,(anonymous_0)
FN:2,(anonymous_1)
FN:3,(anonymous_2)
FN:4,(anonymous_3)
FN:5,(anonymous_4)
FNF:5
FNH:5
FNDA:1,(anonymous_0)
FNDA:1,(anonymous_1)
FNDA:1,(anonymous_2)
FNDA:1,(anonymous_3)
FNDA:2,(anonymous_4)
DA:1,11
DA:2,11
DA:3,11
DA:4,11
DA:5,11
LF:5
LH:5
BRF:0
BRH:0
end_of_record
TN:
SF:src/services/auth.js
FN:3,(anonymous_0)
FN:7,(anonymous_1)
FN:10,(anonymous_2)
FN:14,(anonymous_3)
FNF:4
FNH:0
FNDA:0,(anonymous_0)
FNDA:0,(anonymous_1)
FNDA:0,(anonymous_2)
FNDA:0,(anonymous_3)
DA:3,10
DA:4,0
DA:7,10
DA:8,0
DA:10,10
DA:11,0
DA:14,10
DA:15,0
LF:8
LH:4
BRF:0
BRH:0
end_of_record
TN:
SF:src/services/masterApiCall.js
FN:4,masterApiCall
FNF:1
FNH:0
FNDA:0,masterApiCall
DA:5,0
LF:1
LH:0
BRF:0
BRH:0
end_of_record
TN:
SF:src/services/mixtapeApi.js
FN:3,(anonymous_0)
FN:7,(anonymous_1)
FN:11,(anonymous_2)
FNF:3
FNH:0
FNDA:0,(anonymous_0)
FNDA:0,(anonymous_1)
FNDA:0,(anonymous_2)
DA:3,19
DA:4,0
DA:7,19
DA:8,0
DA:11,19
DA:12,0
LF:6
LH:3
BRF:0
BRH:0
end_of_record
TN:
SF:src/services/request.js
FN:1,(anonymous_0)
FN:10,(anonymous_1)
FN:11,(anonymous_2)
FNF:3
FNH:0
FNDA:0,(anonymous_0)
FNDA:0,(anonymous_1)
FNDA:0,(anonymous_2)
DA:1,21
DA:2,0
DA:10,0
DA:12,0
DA:13,0
LF:5
LH:1
BRDA:8,0,0,0
BRDA:8,0,1,0
BRDA:12,1,0,0
BRDA:12,1,1,0
BRF:4
BRH:0
end_of_record
TN:
SF:src/services/soundcloud.js
FN:1,soundcloudApi
FN:3,(anonymous_1)
FN:4,(anonymous_2)
FNF:3
FNH:0
FNDA:0,soundcloudApi
FNDA:0,(anonymous_1)
FNDA:0,(anonymous_2)
DA:2,0
DA:3,0
DA:5,0
DA:6,0
LF:4
LH:0
BRDA:5,0,0,0
BRDA:5,0,1,0
BRF:2
BRH:0
end_of_record
TN:
SF:src/services/youtube.js
FN:1,youtubeApi
FN:3,(anonymous_1)
FN:4,(anonymous_2)
FNF:3
FNH:0
FNDA:0,youtubeApi
FNDA:0,(anonymous_1)
FNDA:0,(anonymous_2)
DA:2,0
DA:3,0
DA:5,0
DA:6,0
LF:4
LH:0
BRDA:5,0,0,0
BRDA:5,0,1,0
BRF:2
BRH:0
end_of_record
